Using pre-set license
Built from '2022.3/staging' branch; Version is '2022.3.22f1 (887be4894c44) revision 8944612'; Using compiler version '192829333'; Build Type 'Release'
OS: 'Windows 10  (10.0.19045) 64bit Professional' Language: 'pt' Physical Memory: 32699 MB
BatchMode: 1, IsHumanControllingUs: 0, StartBugReporterOnCrash: 0, Is64bit: 1, IsPro: 1

COMMAND LINE ARGUMENTS:
C:\Program Files\Unity\Hub\Editor\2022.3.22f1\Editor\Unity.exe
-adb2
-batchMode
-noUpm
-name
AssetImportWorker1
-projectPath
D:/Estudo/Alura/Unity/apocalipse-zumbi-alura
-logFile
Logs/AssetImportWorker1.log
-srvPort
51134
Successfully changed project path to: D:/Estudo/Alura/Unity/apocalipse-zumbi-alura
D:/Estudo/Alura/Unity/apocalipse-zumbi-alura
[UnityMemory] Configuration Parameters - Can be set up in boot.config
    "memorysetup-bucket-allocator-granularity=16"
    "memorysetup-bucket-allocator-bucket-count=8"
    "memorysetup-bucket-allocator-block-size=33554432"
    "memorysetup-bucket-allocator-block-count=8"
    "memorysetup-main-allocator-block-size=16777216"
    "memorysetup-thread-allocator-block-size=16777216"
    "memorysetup-gfx-main-allocator-block-size=16777216"
    "memorysetup-gfx-thread-allocator-block-size=16777216"
    "memorysetup-cache-allocator-block-size=4194304"
    "memorysetup-typetree-allocator-block-size=2097152"
    "memorysetup-profiler-bucket-allocator-granularity=16"
    "memorysetup-profiler-bucket-allocator-bucket-count=8"
    "memorysetup-profiler-bucket-allocator-block-size=33554432"
    "memorysetup-profiler-bucket-allocator-block-count=8"
    "memorysetup-profiler-allocator-block-size=16777216"
    "memorysetup-profiler-editor-allocator-block-size=1048576"
    "memorysetup-temp-allocator-size-main=16777216"
    "memorysetup-job-temp-allocator-block-size=2097152"
    "memorysetup-job-temp-allocator-block-size-background=1048576"
    "memorysetup-job-temp-allocator-reduction-small-platforms=262144"
    "memorysetup-allocator-temp-initial-block-size-main=262144"
    "memorysetup-allocator-temp-initial-block-size-worker=262144"
    "memorysetup-temp-allocator-size-background-worker=32768"
    "memorysetup-temp-allocator-size-job-worker=262144"
    "memorysetup-temp-allocator-size-preload-manager=33554432"
    "memorysetup-temp-allocator-size-nav-mesh-worker=65536"
    "memorysetup-temp-allocator-size-audio-worker=65536"
    "memorysetup-temp-allocator-size-cloud-worker=32768"
    "memorysetup-temp-allocator-size-gi-baking-worker=262144"
    "memorysetup-temp-allocator-size-gfx=262144"
Player connection [20516] Host "[IP] 192.168.0.172 [Port] 0 [Flags] 2 [Guid] 3459567688 [EditorId] 3459567688 [Version] 1048832 [Id] WindowsEditor(7,DESKTOP-2HA948D) [Debug] 1 [PackageName] WindowsEditor [ProjectName] Editor" joined multi-casting on [225.0.0.222:54997]...

Player connection [20516] Host "[IP] 192.168.0.172 [Port] 0 [Flags] 2 [Guid] 3459567688 [EditorId] 3459567688 [Version] 1048832 [Id] WindowsEditor(7,DESKTOP-2HA948D) [Debug] 1 [PackageName] WindowsEditor [ProjectName] Editor" joined alternative multi-casting on [225.0.0.222:34997]...

[Physics::Module] Initialized MultithreadedJobDispatcher with 15 workers.
Refreshing native plugins compatible for Editor in 0.00 ms, found 0 plugins.
Preloading 0 native plugins for Editor in 0.00 ms.
Initialize engine version: 2022.3.22f1 (887be4894c44)
[Subsystems] Discovering subsystems at path C:/Program Files/Unity/Hub/Editor/2022.3.22f1/Editor/Data/Resources/UnitySubsystems
[Subsystems] Discovering subsystems at path D:/Estudo/Alura/Unity/apocalipse-zumbi-alura/Assets
GfxDevice: creating device client; threaded=0; jobified=0
Direct3D:
    Version:  Direct3D 11.0 [level 11.1]
    Renderer: Radeon RX 580 Series (ID=0x67df)
    Vendor:   ATI
    VRAM:     8170 MB
    Driver:   31.0.21910.5
Initialize mono
Mono path[0] = 'C:/Program Files/Unity/Hub/Editor/2022.3.22f1/Editor/Data/Managed'
Mono path[1] = 'C:/Program Files/Unity/Hub/Editor/2022.3.22f1/Editor/Data/MonoBleedingEdge/lib/mono/unityjit-win32'
Mono config path = 'C:/Program Files/Unity/Hub/Editor/2022.3.22f1/Editor/Data/MonoBleedingEdge/etc'
Using monoOptions --debugger-agent=transport=dt_socket,embedding=1,server=y,suspend=n,address=127.0.0.1:56640
Begin MonoManager ReloadAssembly
Registering precompiled unity dll's ...
Register platform support module: C:/Program Files/Unity/Hub/Editor/2022.3.22f1/Editor/Data/PlaybackEngines/WebGLSupport/UnityEditor.WebGL.Extensions.dll
Register platform support module: C:/Program Files/Unity/Hub/Editor/2022.3.22f1/Editor/Data/PlaybackEngines/WindowsStandaloneSupport/UnityEditor.WindowsStandalone.Extensions.dll
Registered in 0.026857 seconds.
- Loaded All Assemblies, in  0.564 seconds
Native extension for WindowsStandalone target not found
Native extension for WebGL target not found
Mono: successfully reloaded assembly
- Finished resetting the current domain, in  0.375 seconds
Domain Reload Profiling: 934ms
	BeginReloadAssembly (171ms)
		ExecutionOrderSort (0ms)
		DisableScriptedObjects (0ms)
		BackupInstance (0ms)
		ReleaseScriptingObjects (0ms)
		CreateAndSetChildDomain (1ms)
	RebuildCommonClasses (52ms)
	RebuildNativeTypeToScriptingClass (14ms)
	initialDomainReloadingComplete (117ms)
	LoadAllAssembliesAndSetupDomain (204ms)
		LoadAssemblies (165ms)
		RebuildTransferFunctionScriptingTraits (0ms)
		AnalyzeDomain (201ms)
			TypeCache.Refresh (199ms)
				TypeCache.ScanAssembly (183ms)
			ScanForSourceGeneratedMonoScriptInfo (0ms)
			ResolveRequiredComponents (1ms)
	FinalizeReload (375ms)
		ReleaseScriptCaches (0ms)
		RebuildScriptCaches (0ms)
		SetupLoadedEditorAssemblies (297ms)
			LogAssemblyErrors (0ms)
			InitializePlatformSupportModulesInManaged (18ms)
			SetLoadedEditorAssemblies (8ms)
			RefreshPlugins (0ms)
			BeforeProcessingInitializeOnLoad (3ms)
			ProcessInitializeOnLoadAttributes (203ms)
			ProcessInitializeOnLoadMethodAttributes (64ms)
			AfterProcessingInitializeOnLoad (0ms)
			EditorAssembliesLoaded (0ms)
		ExecutionOrderSort2 (0ms)
		AwakeInstancesAfterBackupRestoration (0ms)
========================================================================
Worker process is ready to serve import requests
Begin MonoManager ReloadAssembly
- Loaded All Assemblies, in  0.332 seconds
Refreshing native plugins compatible for Editor in 0.00 ms, found 0 plugins.
Native extension for WindowsStandalone target not found
Native extension for WebGL target not found
Mono: successfully reloaded assembly
- Finished resetting the current domain, in  0.467 seconds
Domain Reload Profiling: 795ms
	BeginReloadAssembly (200ms)
		ExecutionOrderSort (0ms)
		DisableScriptedObjects (8ms)
		BackupInstance (0ms)
		ReleaseScriptingObjects (0ms)
		CreateAndSetChildDomain (24ms)
	RebuildCommonClasses (65ms)
	RebuildNativeTypeToScriptingClass (15ms)
	initialDomainReloadingComplete (40ms)
	LoadAllAssembliesAndSetupDomain (7ms)
		LoadAssemblies (125ms)
		RebuildTransferFunctionScriptingTraits (0ms)
		AnalyzeDomain (4ms)
			TypeCache.Refresh (3ms)
				TypeCache.ScanAssembly (0ms)
			ScanForSourceGeneratedMonoScriptInfo (0ms)
			ResolveRequiredComponents (1ms)
	FinalizeReload (468ms)
		ReleaseScriptCaches (0ms)
		RebuildScriptCaches (0ms)
		SetupLoadedEditorAssemblies (303ms)
			LogAssemblyErrors (0ms)
			InitializePlatformSupportModulesInManaged (13ms)
			SetLoadedEditorAssemblies (8ms)
			RefreshPlugins (0ms)
			BeforeProcessingInitializeOnLoad (44ms)
			ProcessInitializeOnLoadAttributes (195ms)
			ProcessInitializeOnLoadMethodAttributes (26ms)
			AfterProcessingInitializeOnLoad (17ms)
			EditorAssembliesLoaded (0ms)
		ExecutionOrderSort2 (0ms)
		AwakeInstancesAfterBackupRestoration (8ms)
Launched and connected shader compiler UnityShaderCompiler.exe after 0.06 seconds
Refreshing native plugins compatible for Editor in 0.00 ms, found 0 plugins.
Preloading 0 native plugins for Editor in 0.00 ms.
Unloading 6 Unused Serialized files (Serialized files now loaded: 0)
Unloading 3 unused Assets / (40.0 KB). Loaded Objects now: 477.
Memory consumption went from 52.0 MB to 51.9 MB.
Total: 2.452100 ms (FindLiveObjects: 0.038800 ms CreateObjectMapping: 0.003800 ms MarkObjects: 2.339700 ms  DeleteObjects: 0.068500 ms)

AssetImportParameters requested are different than current active one (requested -> active):
  custom:video-decoder-ogg-theora: a1e56fd34408186e4bbccfd4996cb3dc -> 
  custom:container-muxer-webm: aa71ff27fc2769a1b78a27578f13a17b -> 
  custom:container-demuxer-webm: 4f35f7cbe854078d1ac9338744f61a02 -> 
  custom:video-encoder-webm-vp8: eb34c28f22e8b96e1ab97ce403110664 -> 
  custom:CustomObjectIndexerAttribute: 9a22284fe3817be447336de3de66b15e -> 
  custom:audio-encoder-webm-vorbis: bf7c407c2cedff20999df2af8eb42d56 -> 
  custom:framework-win-MediaFoundation: 216162199b28c13a410421893ffa2e32 -> 
  custom:SearchIndexIgnoredProperties: e643bd26f0fe6173181afceb89e7c659 -> 
  custom:container-demuxer-ogg: 62fdf1f143b41e24485cea50d1cbac27 -> 
  custom:video-decoder-webm-vp8: 9c59270c3fd7afecdb556c50c9e8de78 -> 
  custom:audio-decoder-ogg-vorbis: bf7c407c2cedff20999df2af8eb42d56 -> 
  custom:AudioImporter_EditorPlatform: d09bf68614088b80899f8185d706f6e7 -> 
========================================================================
Received Import Request.
  Time since last request: 3647.598362 seconds.
  path: Assets/Modelos3D
  artifactKey: Guid(0daa03260beaa4700a0dfbc4c3927f04) Importer(815301076,1909f56bfc062723c751e8b465ee728b)
Start importing Assets/Modelos3D using Guid(0daa03260beaa4700a0dfbc4c3927f04) Importer(815301076,1909f56bfc062723c751e8b465ee728b)  -> (artifact id: 'bb5b1cf32fc2d3e2f22e61223dedd9f0') in 0.002706 seconds
Number of updated asset objects reloaded before import = 0
Number of asset objects unloaded after import = 0
========================================================================
Received Import Request.
  Time since last request: 3.493464 seconds.
  path: Assets/Modelos3D/Construcoes/Apartamentos_Destruido_02.fbx
  artifactKey: Guid(5b0d29d4e03b0244283784fb8096dd72) Importer(815301076,1909f56bfc062723c751e8b465ee728b)
Start importing Assets/Modelos3D/Construcoes/Apartamentos_Destruido_02.fbx using Guid(5b0d29d4e03b0244283784fb8096dd72) Importer(815301076,1909f56bfc062723c751e8b465ee728b)  -> (artifact id: '45172b243af0d642748803ab125d1c0c') in 0.642439 seconds
Number of updated asset objects reloaded before import = 0
Number of asset objects unloaded after import = 17
========================================================================
Received Import Request.
  Time since last request: 0.000027 seconds.
  path: Assets/Modelos3D/Construcoes/Hospital_Entrada_Destruido.fbx
  artifactKey: Guid(2d707cb7ad733314b8c9d90377cefe8e) Importer(815301076,1909f56bfc062723c751e8b465ee728b)
Start importing Assets/Modelos3D/Construcoes/Hospital_Entrada_Destruido.fbx using Guid(2d707cb7ad733314b8c9d90377cefe8e) Importer(815301076,1909f56bfc062723c751e8b465ee728b)  -> (artifact id: 'e1bf4add102cb7e57a4b6154d93886a2') in 0.041651 seconds
Number of updated asset objects reloaded before import = 0
Number of asset objects unloaded after import = 17
========================================================================
Received Import Request.
  Time since last request: 0.000032 seconds.
  path: Assets/Modelos3D/Construcoes/Posto_Gasolina_Destruido.fbx
  artifactKey: Guid(3a88d2adf0c69c0488b3d9dac7aeac31) Importer(815301076,1909f56bfc062723c751e8b465ee728b)
Start importing Assets/Modelos3D/Construcoes/Posto_Gasolina_Destruido.fbx using Guid(3a88d2adf0c69c0488b3d9dac7aeac31) Importer(815301076,1909f56bfc062723c751e8b465ee728b)  -> (artifact id: '8651fb491932bdb30cfc3206ea23b1c5') in 0.028984 seconds
Number of updated asset objects reloaded before import = 0
Number of asset objects unloaded after import = 12
========================================================================
Received Import Request.
  Time since last request: 0.000017 seconds.
  path: Assets/Modelos3D/Construcoes/Predio_Apartamentos_Destruido.fbx
  artifactKey: Guid(633ca997228e0c14aaea4e1d41b6c808) Importer(815301076,1909f56bfc062723c751e8b465ee728b)
Start importing Assets/Modelos3D/Construcoes/Predio_Apartamentos_Destruido.fbx using Guid(633ca997228e0c14aaea4e1d41b6c808) Importer(815301076,1909f56bfc062723c751e8b465ee728b)  -> (artifact id: '03cf0ef4209556b7346222d0fdf1cd83') in 0.029340 seconds
Number of updated asset objects reloaded before import = 0
Number of asset objects unloaded after import = 12
========================================================================
Received Import Request.
  Time since last request: 0.000019 seconds.
  path: Assets/Modelos3D/Construcoes/Predio_Destruido_01.fbx
  artifactKey: Guid(dd938844ff7284f4bb7895d5fb90913b) Importer(815301076,1909f56bfc062723c751e8b465ee728b)
Start importing Assets/Modelos3D/Construcoes/Predio_Destruido_01.fbx using Guid(dd938844ff7284f4bb7895d5fb90913b) Importer(815301076,1909f56bfc062723c751e8b465ee728b)  -> (artifact id: '69fd0d5c95732c02f1e9b50365d2ff85') in 0.028931 seconds
Number of updated asset objects reloaded before import = 0
Number of asset objects unloaded after import = 12
========================================================================
Received Import Request.
  Time since last request: 0.000017 seconds.
  path: Assets/Modelos3D/Construcoes/Casa_Grande_Destruido_01.fbx
  artifactKey: Guid(fd96d2647bc61f446b2053fdf050cbde) Importer(815301076,1909f56bfc062723c751e8b465ee728b)
Start importing Assets/Modelos3D/Construcoes/Casa_Grande_Destruido_01.fbx using Guid(fd96d2647bc61f446b2053fdf050cbde) Importer(815301076,1909f56bfc062723c751e8b465ee728b)  -> (artifact id: '3459ddc0d5fb9d826dce020d60351ae9') in 0.037224 seconds
Number of updated asset objects reloaded before import = 0
Number of asset objects unloaded after import = 17
========================================================================
Received Import Request.
  Time since last request: 0.000020 seconds.
  path: Assets/Modelos3D/Construcoes/Loja_Destruido_01.fbx
  artifactKey: Guid(26bb4e593a68c8645819a49130429f18) Importer(815301076,1909f56bfc062723c751e8b465ee728b)
Start importing Assets/Modelos3D/Construcoes/Loja_Destruido_01.fbx using Guid(26bb4e593a68c8645819a49130429f18) Importer(815301076,1909f56bfc062723c751e8b465ee728b)  -> (artifact id: '9486e0e60f51d7ca25123754bc41f699') in 0.028311 seconds
Number of updated asset objects reloaded before import = 0
Number of asset objects unloaded after import = 12
========================================================================
Received Import Request.
  Time since last request: 0.000017 seconds.
  path: Assets/Modelos3D/Construcoes/LojaFerramentas_Destruido.fbx
  artifactKey: Guid(f8536a15368edda448408652a1608558) Importer(815301076,1909f56bfc062723c751e8b465ee728b)
Start importing Assets/Modelos3D/Construcoes/LojaFerramentas_Destruido.fbx using Guid(f8536a15368edda448408652a1608558) Importer(815301076,1909f56bfc062723c751e8b465ee728b)  -> (artifact id: '7e006eb7641db62b597aa03bf16cbab2') in 0.037603 seconds
Number of updated asset objects reloaded before import = 0
Number of asset objects unloaded after import = 17
========================================================================
Received Import Request.
  Time since last request: 0.000016 seconds.
  path: Assets/Modelos3D/Construcoes/Predio_Comercial_Destruido_01.fbx
  artifactKey: Guid(6d5cf4cbc20e4d941ac3b789a9010f49) Importer(815301076,1909f56bfc062723c751e8b465ee728b)
Start importing Assets/Modelos3D/Construcoes/Predio_Comercial_Destruido_01.fbx using Guid(6d5cf4cbc20e4d941ac3b789a9010f49) Importer(815301076,1909f56bfc062723c751e8b465ee728b)  -> (artifact id: 'a98267a8a495d83c4f1531f8e849c49d') in 0.028934 seconds
Number of updated asset objects reloaded before import = 0
Number of asset objects unloaded after import = 12
========================================================================
Received Import Request.
  Time since last request: 0.000033 seconds.
  path: Assets/Modelos3D/Construcoes/Predio_Comercial_Destruido_05.fbx
  artifactKey: Guid(590f2720cf3822f4c969793536df70a9) Importer(815301076,1909f56bfc062723c751e8b465ee728b)
Start importing Assets/Modelos3D/Construcoes/Predio_Comercial_Destruido_05.fbx using Guid(590f2720cf3822f4c969793536df70a9) Importer(815301076,1909f56bfc062723c751e8b465ee728b)  -> (artifact id: '3d4dfbd53a826be0fb152ecc9ff1af6d') in 0.029427 seconds
Number of updated asset objects reloaded before import = 0
Number of asset objects unloaded after import = 12
========================================================================
Received Import Request.
  Time since last request: 0.000027 seconds.
  path: Assets/Modelos3D/Construcoes/Restaurante_Destruido.fbx
  artifactKey: Guid(82fa5e123900c464ea14c0753dc38631) Importer(815301076,1909f56bfc062723c751e8b465ee728b)
Start importing Assets/Modelos3D/Construcoes/Restaurante_Destruido.fbx using Guid(82fa5e123900c464ea14c0753dc38631) Importer(815301076,1909f56bfc062723c751e8b465ee728b)  -> (artifact id: '7a8ad2bf826ef0eb4d22f5abb5e446a1') in 0.029968 seconds
Number of updated asset objects reloaded before import = 0
Number of asset objects unloaded after import = 12
========================================================================
Received Import Request.
  Time since last request: 0.000015 seconds.
  path: Assets/Modelos3D/Construcoes/Predio_Destruido_03.fbx
  artifactKey: Guid(803cefe7f62e4f0469cacd0b01850be8) Importer(815301076,1909f56bfc062723c751e8b465ee728b)
Start importing Assets/Modelos3D/Construcoes/Predio_Destruido_03.fbx using Guid(803cefe7f62e4f0469cacd0b01850be8) Importer(815301076,1909f56bfc062723c751e8b465ee728b)  -> (artifact id: '74f611766987c48bc7671f1e81496b7f') in 0.026499 seconds
Number of updated asset objects reloaded before import = 0
Number of asset objects unloaded after import = 12
========================================================================
Received Import Request.
  Time since last request: 0.000017 seconds.
  path: Assets/Modelos3D/Construcoes/Predio_Destruido_02.fbx
  artifactKey: Guid(5a8685150ecdc344293810a8541df82d) Importer(815301076,1909f56bfc062723c751e8b465ee728b)
Start importing Assets/Modelos3D/Construcoes/Predio_Destruido_02.fbx using Guid(5a8685150ecdc344293810a8541df82d) Importer(815301076,1909f56bfc062723c751e8b465ee728b)  -> (artifact id: '4832182e45bd43456cc36c2d898070ad') in 0.026917 seconds
Number of updated asset objects reloaded before import = 0
Number of asset objects unloaded after import = 12
========================================================================
Received Import Request.
  Time since last request: 0.000017 seconds.
  path: Assets/Modelos3D/Construcoes/Casa_Pequena_Destruido_04.fbx
  artifactKey: Guid(d2e0696861e4e584e9b83c7a7f08bc53) Importer(815301076,1909f56bfc062723c751e8b465ee728b)
Start importing Assets/Modelos3D/Construcoes/Casa_Pequena_Destruido_04.fbx using Guid(d2e0696861e4e584e9b83c7a7f08bc53) Importer(815301076,1909f56bfc062723c751e8b465ee728b)  -> (artifact id: '2c1b794ee26f59c99e829a1339634b21') in 0.027551 seconds
Number of updated asset objects reloaded before import = 0
Number of asset objects unloaded after import = 12
========================================================================
Received Import Request.
  Time since last request: 0.000019 seconds.
  path: Assets/Modelos3D/Construcoes/Fonte.fbx
  artifactKey: Guid(73ea2a9491c908b43a9ace253b38a134) Importer(815301076,1909f56bfc062723c751e8b465ee728b)
Start importing Assets/Modelos3D/Construcoes/Fonte.fbx using Guid(73ea2a9491c908b43a9ace253b38a134) Importer(815301076,1909f56bfc062723c751e8b465ee728b)  -> (artifact id: 'aa74cd0939c989739a2604848a5ad501') in 0.020145 seconds
Number of updated asset objects reloaded before import = 0
Number of asset objects unloaded after import = 7
========================================================================
Received Import Request.
  Time since last request: 0.000018 seconds.
  path: Assets/Modelos3D/Construcoes/Casa_Alta_Destruido_03.fbx
  artifactKey: Guid(91b3e2311b1731a4ea8d461459c810c9) Importer(815301076,1909f56bfc062723c751e8b465ee728b)
Start importing Assets/Modelos3D/Construcoes/Casa_Alta_Destruido_03.fbx using Guid(91b3e2311b1731a4ea8d461459c810c9) Importer(815301076,1909f56bfc062723c751e8b465ee728b)  -> (artifact id: 'b2dae9a81cf5c67b58542e8d0732aab3') in 0.035344 seconds
Number of updated asset objects reloaded before import = 0
Number of asset objects unloaded after import = 17
========================================================================
Received Import Request.
  Time since last request: 0.000021 seconds.
  path: Assets/Modelos3D/Construcoes/Hospital_Destruido.fbx
  artifactKey: Guid(655dd9d65d925f34887f6593da809b0e) Importer(815301076,1909f56bfc062723c751e8b465ee728b)
Start importing Assets/Modelos3D/Construcoes/Hospital_Destruido.fbx using Guid(655dd9d65d925f34887f6593da809b0e) Importer(815301076,1909f56bfc062723c751e8b465ee728b)  -> (artifact id: '7e7c8bb4ded747858d66b7d0c23bb003') in 0.029103 seconds
Number of updated asset objects reloaded before import = 0
Number of asset objects unloaded after import = 12
========================================================================
Received Import Request.
  Time since last request: 0.000020 seconds.
  path: Assets/Modelos3D/Construcoes/Casa_Pequena_Destruido_03.fbx
  artifactKey: Guid(aa695f646ee86e6499146a7681e77025) Importer(815301076,1909f56bfc062723c751e8b465ee728b)
Start importing Assets/Modelos3D/Construcoes/Casa_Pequena_Destruido_03.fbx using Guid(aa695f646ee86e6499146a7681e77025) Importer(815301076,1909f56bfc062723c751e8b465ee728b)  -> (artifact id: 'ed97a80487985b0c2ca364cd2411f143') in 0.031805 seconds
Number of updated asset objects reloaded before import = 0
Number of asset objects unloaded after import = 12
========================================================================
Received Import Request.
  Time since last request: 0.000020 seconds.
  path: Assets/Modelos3D/Construcoes/Cafeteria_Destruido.fbx
  artifactKey: Guid(fb05055bdf7d393469f036a23dbcc0f7) Importer(815301076,1909f56bfc062723c751e8b465ee728b)
Start importing Assets/Modelos3D/Construcoes/Cafeteria_Destruido.fbx using Guid(fb05055bdf7d393469f036a23dbcc0f7) Importer(815301076,1909f56bfc062723c751e8b465ee728b)  -> (artifact id: '7df25e5957dce59ca1a1d286a7525ca6') in 0.029500 seconds
Number of updated asset objects reloaded before import = 0
Number of asset objects unloaded after import = 12
========================================================================
Received Import Request.
  Time since last request: 0.000104 seconds.
  path: Assets/Modelos3D/Construcoes/Casa_Destruido_02.fbx
  artifactKey: Guid(7bcc93c8b02ea7842867283faba505ac) Importer(815301076,1909f56bfc062723c751e8b465ee728b)
Start importing Assets/Modelos3D/Construcoes/Casa_Destruido_02.fbx using Guid(7bcc93c8b02ea7842867283faba505ac) Importer(815301076,1909f56bfc062723c751e8b465ee728b)  -> (artifact id: 'a7238820ff8ac40b4e7e1608aa1bb40a') in 0.028662 seconds
Number of updated asset objects reloaded before import = 0
Number of asset objects unloaded after import = 12
========================================================================
Received Import Request.
  Time since last request: 0.000017 seconds.
  path: Assets/Modelos3D/Construcoes/GaleriaDeLojas_Destruido.fbx
  artifactKey: Guid(c006577ec5ad7d9479857dd229e902dd) Importer(815301076,1909f56bfc062723c751e8b465ee728b)
Start importing Assets/Modelos3D/Construcoes/GaleriaDeLojas_Destruido.fbx using Guid(c006577ec5ad7d9479857dd229e902dd) Importer(815301076,1909f56bfc062723c751e8b465ee728b)  -> (artifact id: '51d702540e83d0b473c172a3a117d3e4') in 0.039982 seconds
Number of updated asset objects reloaded before import = 0
Number of asset objects unloaded after import = 17
========================================================================
Received Import Request.
  Time since last request: 0.000020 seconds.
  path: Assets/Modelos3D/Construcoes/Loja_Destruido_07.fbx
  artifactKey: Guid(4b67c214b804be1468198de7ca29c53d) Importer(815301076,1909f56bfc062723c751e8b465ee728b)
Start importing Assets/Modelos3D/Construcoes/Loja_Destruido_07.fbx using Guid(4b67c214b804be1468198de7ca29c53d) Importer(815301076,1909f56bfc062723c751e8b465ee728b)  -> (artifact id: 'b64dfadd2fde0dd03f4b7a193b61acc1') in 0.039698 seconds
Number of updated asset objects reloaded before import = 0
Number of asset objects unloaded after import = 17
========================================================================
Received Import Request.
  Time since last request: 0.000018 seconds.
  path: Assets/Modelos3D/Construcoes/Torre_Agua.fbx
  artifactKey: Guid(8ed13ebf505469d4da1b35c5952b76ca) Importer(815301076,1909f56bfc062723c751e8b465ee728b)
Start importing Assets/Modelos3D/Construcoes/Torre_Agua.fbx using Guid(8ed13ebf505469d4da1b35c5952b76ca) Importer(815301076,1909f56bfc062723c751e8b465ee728b)  -> (artifact id: '0f28717ab6823d8ff74ee0e90d3f4170') in 0.019872 seconds
Number of updated asset objects reloaded before import = 0
Number of asset objects unloaded after import = 7
========================================================================
Received Import Request.
  Time since last request: 0.000018 seconds.
  path: Assets/Modelos3D/Construcoes/Hotel_Secundario_Destruido.fbx
  artifactKey: Guid(833a86cb485eddc408c979d6e2f581c3) Importer(815301076,1909f56bfc062723c751e8b465ee728b)
Start importing Assets/Modelos3D/Construcoes/Hotel_Secundario_Destruido.fbx using Guid(833a86cb485eddc408c979d6e2f581c3) Importer(815301076,1909f56bfc062723c751e8b465ee728b)  -> (artifact id: 'c8c4c763c4790b69746cc8643e590f81') in 0.038002 seconds
Number of updated asset objects reloaded before import = 0
Number of asset objects unloaded after import = 17
========================================================================
Received Import Request.
  Time since last request: 0.000019 seconds.
  path: Assets/Modelos3D/Construcoes/Predio_Comercial_Destruido_08.fbx
  artifactKey: Guid(b343ab44dadde784ea46cf045aa20e4a) Importer(815301076,1909f56bfc062723c751e8b465ee728b)
Start importing Assets/Modelos3D/Construcoes/Predio_Comercial_Destruido_08.fbx using Guid(b343ab44dadde784ea46cf045aa20e4a) Importer(815301076,1909f56bfc062723c751e8b465ee728b)  -> (artifact id: '58bcd52b4bd33084ae9d4121c4d952c6') in 0.028522 seconds
Number of updated asset objects reloaded before import = 0
Number of asset objects unloaded after import = 12
========================================================================
Received Import Request.
  Time since last request: 0.000016 seconds.
  path: Assets/Modelos3D/Construcoes/Hotel_Estacionamento_Destruido.fbx
  artifactKey: Guid(b1774bd68b7e19545aa0aa03f5d6a8ec) Importer(815301076,1909f56bfc062723c751e8b465ee728b)
Start importing Assets/Modelos3D/Construcoes/Hotel_Estacionamento_Destruido.fbx using Guid(b1774bd68b7e19545aa0aa03f5d6a8ec) Importer(815301076,1909f56bfc062723c751e8b465ee728b)  -> (artifact id: '715cde1d23d47344988d9157c87f9964') in 0.020217 seconds
Number of updated asset objects reloaded before import = 0
Number of asset objects unloaded after import = 7
========================================================================
Received Import Request.
  Time since last request: 0.000018 seconds.
  path: Assets/Modelos3D/Construcoes/Prefeitura_Destruida.fbx
  artifactKey: Guid(68253c90f4ddcc243ba8bc4d92d639e5) Importer(815301076,1909f56bfc062723c751e8b465ee728b)
Start importing Assets/Modelos3D/Construcoes/Prefeitura_Destruida.fbx using Guid(68253c90f4ddcc243ba8bc4d92d639e5) Importer(815301076,1909f56bfc062723c751e8b465ee728b)  -> (artifact id: '8ec1719be7428fad6d12374f512d4858') in 0.035850 seconds
Number of updated asset objects reloaded before import = 0
Number of asset objects unloaded after import = 17
========================================================================
Received Import Request.
  Time since last request: 0.000029 seconds.
  path: Assets/Modelos3D/Construcoes/Loja_Destruido_04.fbx
  artifactKey: Guid(51a2dc083879e5b4abd9154e8382f6fb) Importer(815301076,1909f56bfc062723c751e8b465ee728b)
Start importing Assets/Modelos3D/Construcoes/Loja_Destruido_04.fbx using Guid(51a2dc083879e5b4abd9154e8382f6fb) Importer(815301076,1909f56bfc062723c751e8b465ee728b)  -> (artifact id: 'da9164a7c0eb30291f7f7e4626c360fd') in 0.036258 seconds
Number of updated asset objects reloaded before import = 0
Number of asset objects unloaded after import = 17
========================================================================
Received Import Request.
  Time since last request: 0.000026 seconds.
  path: Assets/Modelos3D/Construcoes/Posto_Policial_Destruido.fbx
  artifactKey: Guid(d7491f0a92c500240af62a266a6e0b68) Importer(815301076,1909f56bfc062723c751e8b465ee728b)
Start importing Assets/Modelos3D/Construcoes/Posto_Policial_Destruido.fbx using Guid(d7491f0a92c500240af62a266a6e0b68) Importer(815301076,1909f56bfc062723c751e8b465ee728b)  -> (artifact id: 'adba4a8858cec62da817059c891ddbe7') in 0.035229 seconds
Number of updated asset objects reloaded before import = 0
Number of asset objects unloaded after import = 17
========================================================================
Received Import Request.
  Time since last request: 851.888122 seconds.
  path: Assets/Texturas/Corpos/Corpo_01.png
  artifactKey: Guid(f99b2a52314de76448f7285c9783ed91) Importer(815301076,1909f56bfc062723c751e8b465ee728b)
Start importing Assets/Texturas/Corpos/Corpo_01.png using Guid(f99b2a52314de76448f7285c9783ed91) Importer(815301076,1909f56bfc062723c751e8b465ee728b)  -> (artifact id: 'cafd901acb0432a08ce412e03f66050a') in 0.043856 seconds
Number of updated asset objects reloaded before import = 0
Number of asset objects unloaded after import = 2
========================================================================
Received Import Request.
  Time since last request: 0.000019 seconds.
  path: Assets/Texturas/Personagens/Personagem_Construtor.png
  artifactKey: Guid(f7dd35384e233a344ade3ccc81aa1f10) Importer(815301076,1909f56bfc062723c751e8b465ee728b)
Start importing Assets/Texturas/Personagens/Personagem_Construtor.png using Guid(f7dd35384e233a344ade3ccc81aa1f10) Importer(815301076,1909f56bfc062723c751e8b465ee728b)  -> (artifact id: 'c20fc6ae96628d06a1f16f490e54338f') in 0.018203 seconds
Number of updated asset objects reloaded before import = 0
Number of asset objects unloaded after import = 2
========================================================================
Received Import Request.
  Time since last request: 0.000031 seconds.
  path: Assets/Texturas/Corpos/Corpo_02.png
  artifactKey: Guid(d361e626f294f2e4f834ec3cc61758ab) Importer(815301076,1909f56bfc062723c751e8b465ee728b)
Start importing Assets/Texturas/Corpos/Corpo_02.png using Guid(d361e626f294f2e4f834ec3cc61758ab) Importer(815301076,1909f56bfc062723c751e8b465ee728b)  -> (artifact id: '39d0011e9e81ecde963944d323ecba47') in 0.017965 seconds
Number of updated asset objects reloaded before import = 0
Number of asset objects unloaded after import = 2
========================================================================
Received Import Request.
  Time since last request: 0.000023 seconds.
  path: Assets/Texturas/Personagens/Personagem_Cacador.png
  artifactKey: Guid(86f4eb568f641bc4caf79cb6beca8739) Importer(815301076,1909f56bfc062723c751e8b465ee728b)
Start importing Assets/Texturas/Personagens/Personagem_Cacador.png using Guid(86f4eb568f641bc4caf79cb6beca8739) Importer(815301076,1909f56bfc062723c751e8b465ee728b)  -> (artifact id: '3a102923924aea5287fec553706dc650') in 0.016348 seconds
Number of updated asset objects reloaded before import = 0
Number of asset objects unloaded after import = 2
Editor requested this worker to shutdown with reason: Scaling down because of idle timeout
TcpMessagingSession - receive error: operation aborted. errorcode: 995, details: A operação de E/S foi anulada devido a uma saída de thread ou a uma requisição de aplicativo.
AssetImportWorker is now disconnected from the server
Process exiting
Exiting without the bug reporter. Application will terminate with return code 0