Using pre-set license
Built from '2022.3/staging' branch; Version is '2022.3.22f1 (887be4894c44) revision 8944612'; Using compiler version '192829333'; Build Type 'Release'
OS: 'Windows 10  (10.0.19045) 64bit Professional' Language: 'pt' Physical Memory: 32699 MB
BatchMode: 1, IsHumanControllingUs: 0, StartBugReporterOnCrash: 0, Is64bit: 1, IsPro: 1

COMMAND LINE ARGUMENTS:
C:\Program Files\Unity\Hub\Editor\2022.3.22f1\Editor\Unity.exe
-adb2
-batchMode
-noUpm
-name
AssetImportWorker6
-projectPath
D:/Estudo/Alura/Unity/apocalipse-zumbi-alura
-logFile
Logs/AssetImportWorker6.log
-srvPort
51134
Successfully changed project path to: D:/Estudo/Alura/Unity/apocalipse-zumbi-alura
D:/Estudo/Alura/Unity/apocalipse-zumbi-alura
[UnityMemory] Configuration Parameters - Can be set up in boot.config
    "memorysetup-bucket-allocator-granularity=16"
    "memorysetup-bucket-allocator-bucket-count=8"
    "memorysetup-bucket-allocator-block-size=33554432"
    "memorysetup-bucket-allocator-block-count=8"
    "memorysetup-main-allocator-block-size=16777216"
    "memorysetup-thread-allocator-block-size=16777216"
    "memorysetup-gfx-main-allocator-block-size=16777216"
    "memorysetup-gfx-thread-allocator-block-size=16777216"
    "memorysetup-cache-allocator-block-size=4194304"
    "memorysetup-typetree-allocator-block-size=2097152"
    "memorysetup-profiler-bucket-allocator-granularity=16"
    "memorysetup-profiler-bucket-allocator-bucket-count=8"
    "memorysetup-profiler-bucket-allocator-block-size=33554432"
    "memorysetup-profiler-bucket-allocator-block-count=8"
    "memorysetup-profiler-allocator-block-size=16777216"
    "memorysetup-profiler-editor-allocator-block-size=1048576"
    "memorysetup-temp-allocator-size-main=16777216"
    "memorysetup-job-temp-allocator-block-size=2097152"
    "memorysetup-job-temp-allocator-block-size-background=1048576"
    "memorysetup-job-temp-allocator-reduction-small-platforms=262144"
    "memorysetup-allocator-temp-initial-block-size-main=262144"
    "memorysetup-allocator-temp-initial-block-size-worker=262144"
    "memorysetup-temp-allocator-size-background-worker=32768"
    "memorysetup-temp-allocator-size-job-worker=262144"
    "memorysetup-temp-allocator-size-preload-manager=33554432"
    "memorysetup-temp-allocator-size-nav-mesh-worker=65536"
    "memorysetup-temp-allocator-size-audio-worker=65536"
    "memorysetup-temp-allocator-size-cloud-worker=32768"
    "memorysetup-temp-allocator-size-gi-baking-worker=262144"
    "memorysetup-temp-allocator-size-gfx=262144"
Player connection [24324] Host "[IP] 192.168.0.172 [Port] 0 [Flags] 2 [Guid] 1305465338 [EditorId] 1305465338 [Version] 1048832 [Id] WindowsEditor(7,DESKTOP-2HA948D) [Debug] 1 [PackageName] WindowsEditor [ProjectName] Editor" joined multi-casting on [225.0.0.222:54997]...

Player connection [24324] Host "[IP] 192.168.0.172 [Port] 0 [Flags] 2 [Guid] 1305465338 [EditorId] 1305465338 [Version] 1048832 [Id] WindowsEditor(7,DESKTOP-2HA948D) [Debug] 1 [PackageName] WindowsEditor [ProjectName] Editor" joined alternative multi-casting on [225.0.0.222:34997]...

[Physics::Module] Initialized MultithreadedJobDispatcher with 15 workers.
Refreshing native plugins compatible for Editor in 0.00 ms, found 0 plugins.
Preloading 0 native plugins for Editor in 0.00 ms.
Initialize engine version: 2022.3.22f1 (887be4894c44)
[Subsystems] Discovering subsystems at path C:/Program Files/Unity/Hub/Editor/2022.3.22f1/Editor/Data/Resources/UnitySubsystems
[Subsystems] Discovering subsystems at path D:/Estudo/Alura/Unity/apocalipse-zumbi-alura/Assets
GfxDevice: creating device client; threaded=0; jobified=0
Direct3D:
    Version:  Direct3D 11.0 [level 11.1]
    Renderer: Radeon RX 580 Series (ID=0x67df)
    Vendor:   ATI
    VRAM:     8170 MB
    Driver:   31.0.21910.5
Initialize mono
Mono path[0] = 'C:/Program Files/Unity/Hub/Editor/2022.3.22f1/Editor/Data/Managed'
Mono path[1] = 'C:/Program Files/Unity/Hub/Editor/2022.3.22f1/Editor/Data/MonoBleedingEdge/lib/mono/unityjit-win32'
Mono config path = 'C:/Program Files/Unity/Hub/Editor/2022.3.22f1/Editor/Data/MonoBleedingEdge/etc'
Using monoOptions --debugger-agent=transport=dt_socket,embedding=1,server=y,suspend=n,address=127.0.0.1:56672
Begin MonoManager ReloadAssembly
Registering precompiled unity dll's ...
Register platform support module: C:/Program Files/Unity/Hub/Editor/2022.3.22f1/Editor/Data/PlaybackEngines/WebGLSupport/UnityEditor.WebGL.Extensions.dll
Register platform support module: C:/Program Files/Unity/Hub/Editor/2022.3.22f1/Editor/Data/PlaybackEngines/WindowsStandaloneSupport/UnityEditor.WindowsStandalone.Extensions.dll
Registered in 0.024934 seconds.
- Loaded All Assemblies, in  0.600 seconds
Native extension for WindowsStandalone target not found
Native extension for WebGL target not found
Mono: successfully reloaded assembly
- Finished resetting the current domain, in  0.425 seconds
Domain Reload Profiling: 1019ms
	BeginReloadAssembly (171ms)
		ExecutionOrderSort (0ms)
		DisableScriptedObjects (0ms)
		BackupInstance (0ms)
		ReleaseScriptingObjects (0ms)
		CreateAndSetChildDomain (1ms)
	RebuildCommonClasses (57ms)
	RebuildNativeTypeToScriptingClass (17ms)
	initialDomainReloadingComplete (114ms)
	LoadAllAssembliesAndSetupDomain (235ms)
		LoadAssemblies (166ms)
		RebuildTransferFunctionScriptingTraits (0ms)
		AnalyzeDomain (232ms)
			TypeCache.Refresh (230ms)
				TypeCache.ScanAssembly (209ms)
			ScanForSourceGeneratedMonoScriptInfo (1ms)
			ResolveRequiredComponents (1ms)
	FinalizeReload (425ms)
		ReleaseScriptCaches (0ms)
		RebuildScriptCaches (0ms)
		SetupLoadedEditorAssemblies (337ms)
			LogAssemblyErrors (0ms)
			InitializePlatformSupportModulesInManaged (19ms)
			SetLoadedEditorAssemblies (7ms)
			RefreshPlugins (0ms)
			BeforeProcessingInitializeOnLoad (3ms)
			ProcessInitializeOnLoadAttributes (237ms)
			ProcessInitializeOnLoadMethodAttributes (70ms)
			AfterProcessingInitializeOnLoad (0ms)
			EditorAssembliesLoaded (0ms)
		ExecutionOrderSort2 (0ms)
		AwakeInstancesAfterBackupRestoration (0ms)
========================================================================
Worker process is ready to serve import requests
Begin MonoManager ReloadAssembly
- Loaded All Assemblies, in  0.346 seconds
Refreshing native plugins compatible for Editor in 0.00 ms, found 0 plugins.
Native extension for WindowsStandalone target not found
Native extension for WebGL target not found
Mono: successfully reloaded assembly
- Finished resetting the current domain, in  0.526 seconds
Domain Reload Profiling: 868ms
	BeginReloadAssembly (218ms)
		ExecutionOrderSort (0ms)
		DisableScriptedObjects (7ms)
		BackupInstance (0ms)
		ReleaseScriptingObjects (0ms)
		CreateAndSetChildDomain (27ms)
	RebuildCommonClasses (54ms)
	RebuildNativeTypeToScriptingClass (15ms)
	initialDomainReloadingComplete (42ms)
	LoadAllAssembliesAndSetupDomain (12ms)
		LoadAssemblies (137ms)
		RebuildTransferFunctionScriptingTraits (0ms)
		AnalyzeDomain (8ms)
			TypeCache.Refresh (6ms)
				TypeCache.ScanAssembly (0ms)
			ScanForSourceGeneratedMonoScriptInfo (1ms)
			ResolveRequiredComponents (1ms)
	FinalizeReload (527ms)
		ReleaseScriptCaches (0ms)
		RebuildScriptCaches (0ms)
		SetupLoadedEditorAssemblies (345ms)
			LogAssemblyErrors (0ms)
			InitializePlatformSupportModulesInManaged (14ms)
			SetLoadedEditorAssemblies (8ms)
			RefreshPlugins (0ms)
			BeforeProcessingInitializeOnLoad (47ms)
			ProcessInitializeOnLoadAttributes (226ms)
			ProcessInitializeOnLoadMethodAttributes (30ms)
			AfterProcessingInitializeOnLoad (19ms)
			EditorAssembliesLoaded (0ms)
		ExecutionOrderSort2 (0ms)
		AwakeInstancesAfterBackupRestoration (8ms)
Launched and connected shader compiler UnityShaderCompiler.exe after 0.09 seconds
Refreshing native plugins compatible for Editor in 0.00 ms, found 0 plugins.
Preloading 0 native plugins for Editor in 0.00 ms.
Unloading 7 Unused Serialized files (Serialized files now loaded: 0)
Unloading 3 unused Assets / (42.2 KB). Loaded Objects now: 478.
Memory consumption went from 52.1 MB to 52.1 MB.
Total: 3.113100 ms (FindLiveObjects: 0.051000 ms CreateObjectMapping: 0.007400 ms MarkObjects: 2.922500 ms  DeleteObjects: 0.130800 ms)

AssetImportParameters requested are different than current active one (requested -> active):
  custom:video-decoder-ogg-theora: a1e56fd34408186e4bbccfd4996cb3dc -> 
  custom:container-muxer-webm: aa71ff27fc2769a1b78a27578f13a17b -> 
  custom:container-demuxer-webm: 4f35f7cbe854078d1ac9338744f61a02 -> 
  custom:video-encoder-webm-vp8: eb34c28f22e8b96e1ab97ce403110664 -> 
  custom:CustomObjectIndexerAttribute: 9a22284fe3817be447336de3de66b15e -> 
  custom:audio-encoder-webm-vorbis: bf7c407c2cedff20999df2af8eb42d56 -> 
  custom:framework-win-MediaFoundation: 216162199b28c13a410421893ffa2e32 -> 
  custom:SearchIndexIgnoredProperties: e643bd26f0fe6173181afceb89e7c659 -> 
  custom:container-demuxer-ogg: 62fdf1f143b41e24485cea50d1cbac27 -> 
  custom:video-decoder-webm-vp8: 9c59270c3fd7afecdb556c50c9e8de78 -> 
  custom:audio-decoder-ogg-vorbis: bf7c407c2cedff20999df2af8eb42d56 -> 
  custom:AudioImporter_EditorPlatform: d09bf68614088b80899f8185d706f6e7 -> 
========================================================================
Received Import Request.
  Time since last request: 5816.156166 seconds.
  path: Assets/Modelos3D/Aderecos/Grama_01.fbx
  artifactKey: Guid(00b149cdb4a352047846b6f56739bf37) Importer(2089858483,0ecaa5967403d082aa24f35e1b516d23)
Start importing Assets/Modelos3D/Aderecos/Grama_01.fbx using Guid(00b149cdb4a352047846b6f56739bf37) Importer(2089858483,0ecaa5967403d082aa24f35e1b516d23)  -> (artifact id: 'ca5ce0a38d9dd3fa9c16052edb2879fb') in 0.215203 seconds
Number of updated asset objects reloaded before import = 0
Number of asset objects unloaded after import = 7
========================================================================
Received Import Request.
  Time since last request: 0.000019 seconds.
  path: Assets/Modelos3D/Itens/Lanterna_01.fbx
  artifactKey: Guid(634c833355c3eaf4c9cb126bec9ed1dc) Importer(2089858483,0ecaa5967403d082aa24f35e1b516d23)
Start importing Assets/Modelos3D/Itens/Lanterna_01.fbx using Guid(634c833355c3eaf4c9cb126bec9ed1dc) Importer(2089858483,0ecaa5967403d082aa24f35e1b516d23)  -> (artifact id: '012007392d5bc2c973b667c0d811ff12') in 0.024996 seconds
Number of updated asset objects reloaded before import = 0
Number of asset objects unloaded after import = 7
========================================================================
Received Import Request.
  Time since last request: 0.000034 seconds.
  path: Assets/Modelos3D/Veiculos/Carro_Capotado_02.fbx
  artifactKey: Guid(448d9ea59acb0614ba58ce5c0e5fd5e1) Importer(2089858483,0ecaa5967403d082aa24f35e1b516d23)
Start importing Assets/Modelos3D/Veiculos/Carro_Capotado_02.fbx using Guid(448d9ea59acb0614ba58ce5c0e5fd5e1) Importer(2089858483,0ecaa5967403d082aa24f35e1b516d23)  -> (artifact id: '3b7732489b1d441b02c692ea8bc8b745') in 0.027219 seconds
Number of updated asset objects reloaded before import = 0
Number of asset objects unloaded after import = 7
========================================================================
Received Import Request.
  Time since last request: 0.000016 seconds.
  path: Assets/Prefabs/Aderecos/Arvore_03.prefab
  artifactKey: Guid(add53d143e2ea4b9cbd24b57aa90d3be) Importer(2089858483,0ecaa5967403d082aa24f35e1b516d23)
Start importing Assets/Prefabs/Aderecos/Arvore_03.prefab using Guid(add53d143e2ea4b9cbd24b57aa90d3be) Importer(2089858483,0ecaa5967403d082aa24f35e1b516d23)  -> (artifact id: '20283295358f18a910185ee6d604808f') in 0.017429 seconds
Number of updated asset objects reloaded before import = 0
Number of asset objects unloaded after import = 7
========================================================================
Received Import Request.
  Time since last request: 0.000019 seconds.
  path: Assets/Modelos3D/Itens/Lanterna_02.fbx
  artifactKey: Guid(5089827b763fd584b94120d519007f6b) Importer(2089858483,0ecaa5967403d082aa24f35e1b516d23)
Start importing Assets/Modelos3D/Itens/Lanterna_02.fbx using Guid(5089827b763fd584b94120d519007f6b) Importer(2089858483,0ecaa5967403d082aa24f35e1b516d23)  -> (artifact id: 'edf7457a3e20b4f50a3c025c5ec06bec') in 0.028156 seconds
Number of updated asset objects reloaded before import = 0
Number of asset objects unloaded after import = 7
========================================================================
Received Import Request.
  Time since last request: 0.000021 seconds.
  path: Assets/Prefabs/Aderecos/Barreira_02.prefab
  artifactKey: Guid(ea23067f9f12846ca92a3ea83d019bd6) Importer(2089858483,0ecaa5967403d082aa24f35e1b516d23)
Start importing Assets/Prefabs/Aderecos/Barreira_02.prefab using Guid(ea23067f9f12846ca92a3ea83d019bd6) Importer(2089858483,0ecaa5967403d082aa24f35e1b516d23)  -> (artifact id: '21924eec9c8b8d04ac3ee3f208c2e3f4') in 0.016742 seconds
Number of updated asset objects reloaded before import = 0
Number of asset objects unloaded after import = 7
========================================================================
Received Import Request.
  Time since last request: 0.000024 seconds.
  path: Assets/Modelos3D/Aderecos/Semaforo_Destruido_01.fbx
  artifactKey: Guid(f99a555650b7a1d46ac6e60dc965ead7) Importer(2089858483,0ecaa5967403d082aa24f35e1b516d23)
Start importing Assets/Modelos3D/Aderecos/Semaforo_Destruido_01.fbx using Guid(f99a555650b7a1d46ac6e60dc965ead7) Importer(2089858483,0ecaa5967403d082aa24f35e1b516d23)  -> (artifact id: '5613b5831cbf9263645cd68551cb6551') in 0.025698 seconds
Number of updated asset objects reloaded before import = 0
Number of asset objects unloaded after import = 7
========================================================================
Received Import Request.
  Time since last request: 0.000019 seconds.
  path: Assets/Modelos3D/Construcoes/Cafeteria_Destruido.fbx
  artifactKey: Guid(fb05055bdf7d393469f036a23dbcc0f7) Importer(2089858483,0ecaa5967403d082aa24f35e1b516d23)
Start importing Assets/Modelos3D/Construcoes/Cafeteria_Destruido.fbx using Guid(fb05055bdf7d393469f036a23dbcc0f7) Importer(2089858483,0ecaa5967403d082aa24f35e1b516d23)  -> (artifact id: '2551c042d37bfc0af459c326928124d8') in 0.027277 seconds
Number of updated asset objects reloaded before import = 0
Number of asset objects unloaded after import = 12
========================================================================
Received Import Request.
  Time since last request: 0.000019 seconds.
  path: Assets/Materiais/Zumbis/Zumbi_Avo.mat
  artifactKey: Guid(472a4c2afde17a24ca60cd83bff77f96) Importer(2089858483,0ecaa5967403d082aa24f35e1b516d23)
Start importing Assets/Materiais/Zumbis/Zumbi_Avo.mat using Guid(472a4c2afde17a24ca60cd83bff77f96) Importer(2089858483,0ecaa5967403d082aa24f35e1b516d23)  -> (artifact id: '4359d14b6c8a8bafba83b697f34c6d32') in 0.042489 seconds
Number of updated asset objects reloaded before import = 0
Number of asset objects unloaded after import = 2
========================================================================
Received Import Request.
  Time since last request: 0.000018 seconds.
  path: Assets/Prefabs/Aderecos/Barril_01.prefab
  artifactKey: Guid(2e5f433e1eec74e2eb58a49e612b7876) Importer(2089858483,0ecaa5967403d082aa24f35e1b516d23)
Start importing Assets/Prefabs/Aderecos/Barril_01.prefab using Guid(2e5f433e1eec74e2eb58a49e612b7876) Importer(2089858483,0ecaa5967403d082aa24f35e1b516d23)  -> (artifact id: '5d27ed86596306f882df22e1d1b85116') in 0.015944 seconds
Number of updated asset objects reloaded before import = 0
Number of asset objects unloaded after import = 7
========================================================================
Received Import Request.
  Time since last request: 0.000020 seconds.
  path: Assets/Materiais/Personagens/Personagem_HomemSobrevivente01.mat
  artifactKey: Guid(74639c217af71f3468b6251d0e5b26fe) Importer(2089858483,0ecaa5967403d082aa24f35e1b516d23)
Start importing Assets/Materiais/Personagens/Personagem_HomemSobrevivente01.mat using Guid(74639c217af71f3468b6251d0e5b26fe) Importer(2089858483,0ecaa5967403d082aa24f35e1b516d23)  -> (artifact id: '3551e3c76fc60a96c632ccb158fbbce3') in 0.017413 seconds
Number of updated asset objects reloaded before import = 0
Number of asset objects unloaded after import = 2
========================================================================
Received Import Request.
  Time since last request: 0.000029 seconds.
  path: Assets/Modelos3D/Aderecos/Caixa_Pizza_02.fbx
  artifactKey: Guid(c68d12b21c980f942bfdffc4dd6edcaf) Importer(2089858483,0ecaa5967403d082aa24f35e1b516d23)
Start importing Assets/Modelos3D/Aderecos/Caixa_Pizza_02.fbx using Guid(c68d12b21c980f942bfdffc4dd6edcaf) Importer(2089858483,0ecaa5967403d082aa24f35e1b516d23)  -> (artifact id: '79f64c9900b6b2eab42510b95d549fb1') in 0.023804 seconds
Number of updated asset objects reloaded before import = 0
Number of asset objects unloaded after import = 7
========================================================================
Received Import Request.
  Time since last request: 0.000016 seconds.
  path: Assets/Modelos3D/Itens/KitPrimeirosSocorros.fbx
  artifactKey: Guid(255baea38b158c149b63dfd43e3d1cc9) Importer(2089858483,0ecaa5967403d082aa24f35e1b516d23)
Start importing Assets/Modelos3D/Itens/KitPrimeirosSocorros.fbx using Guid(255baea38b158c149b63dfd43e3d1cc9) Importer(2089858483,0ecaa5967403d082aa24f35e1b516d23)  -> (artifact id: 'a3aea40b9461aa12dae71a2af37c43e3') in 0.023721 seconds
Number of updated asset objects reloaded before import = 0
Number of asset objects unloaded after import = 7
========================================================================
Received Import Request.
  Time since last request: 0.000019 seconds.
  path: Assets/Modelos3D/Aderecos/Grama_04.fbx
  artifactKey: Guid(6071dd8da87d42a44a399663e11083a5) Importer(2089858483,0ecaa5967403d082aa24f35e1b516d23)
Start importing Assets/Modelos3D/Aderecos/Grama_04.fbx using Guid(6071dd8da87d42a44a399663e11083a5) Importer(2089858483,0ecaa5967403d082aa24f35e1b516d23)  -> (artifact id: '8ab86d975e294534327510f89c34e29a') in 0.022717 seconds
Number of updated asset objects reloaded before import = 0
Number of asset objects unloaded after import = 7
========================================================================
Received Import Request.
  Time since last request: 0.000017 seconds.
  path: Assets/MaterialCenario.mat
  artifactKey: Guid(16b9832418b301c4c93133f93fc79ef5) Importer(2089858483,0ecaa5967403d082aa24f35e1b516d23)
Start importing Assets/MaterialCenario.mat using Guid(16b9832418b301c4c93133f93fc79ef5) Importer(2089858483,0ecaa5967403d082aa24f35e1b516d23)  -> (artifact id: '689ec1c6c0bf58ccfb4771eba0340359') in 0.012864 seconds
Number of updated asset objects reloaded before import = 0
Number of asset objects unloaded after import = 1
========================================================================
Received Import Request.
  Time since last request: 0.000018 seconds.
  path: Assets/Prefabs/Aderecos/PilhaDeLixo_01.prefab
  artifactKey: Guid(a0d7c2d21a44b4d9cb6b9d5875343633) Importer(2089858483,0ecaa5967403d082aa24f35e1b516d23)
Start importing Assets/Prefabs/Aderecos/PilhaDeLixo_01.prefab using Guid(a0d7c2d21a44b4d9cb6b9d5875343633) Importer(2089858483,0ecaa5967403d082aa24f35e1b516d23)  -> (artifact id: 'c77ba41056be3906d2fe5785104c6579') in 0.015140 seconds
Number of updated asset objects reloaded before import = 0
Number of asset objects unloaded after import = 7
========================================================================
Received Import Request.
  Time since last request: 0.000017 seconds.
  path: Assets/Prefabs/Aderecos/Cerca_Destruido_01.prefab
  artifactKey: Guid(0df3d3f55394144f5b5757402d6a3f18) Importer(2089858483,0ecaa5967403d082aa24f35e1b516d23)
Start importing Assets/Prefabs/Aderecos/Cerca_Destruido_01.prefab using Guid(0df3d3f55394144f5b5757402d6a3f18) Importer(2089858483,0ecaa5967403d082aa24f35e1b516d23)  -> (artifact id: 'bcfc821aa342d393ae183808235c4f32') in 0.016783 seconds
Number of updated asset objects reloaded before import = 0
Number of asset objects unloaded after import = 7
========================================================================
Received Import Request.
  Time since last request: 0.000017 seconds.
  path: Assets/Prefabs/Aderecos/Mochila_02.prefab
  artifactKey: Guid(41c23461fd4b74ff28118a59f2b67059) Importer(2089858483,0ecaa5967403d082aa24f35e1b516d23)
Start importing Assets/Prefabs/Aderecos/Mochila_02.prefab using Guid(41c23461fd4b74ff28118a59f2b67059) Importer(2089858483,0ecaa5967403d082aa24f35e1b516d23)  -> (artifact id: '117eabd34bff7bb5640c07356eea9d14') in 0.014919 seconds
Number of updated asset objects reloaded before import = 0
Number of asset objects unloaded after import = 7
========================================================================
Received Import Request.
  Time since last request: 0.000015 seconds.
  path: Assets/Prefabs/Aderecos/Pallet_01.prefab
  artifactKey: Guid(5dd0aef6dc00f489f95132dd6fff4989) Importer(2089858483,0ecaa5967403d082aa24f35e1b516d23)
Start importing Assets/Prefabs/Aderecos/Pallet_01.prefab using Guid(5dd0aef6dc00f489f95132dd6fff4989) Importer(2089858483,0ecaa5967403d082aa24f35e1b516d23)  -> (artifact id: '5076999c1fb17668d3cd740b6d237a12') in 0.014519 seconds
Number of updated asset objects reloaded before import = 0
Number of asset objects unloaded after import = 7
========================================================================
Received Import Request.
  Time since last request: 0.000017 seconds.
  path: Assets/Prefabs/Aderecos/Destrocos_04.prefab
  artifactKey: Guid(9a1574f1336f5458aa717a190abb0fd2) Importer(2089858483,0ecaa5967403d082aa24f35e1b516d23)
Start importing Assets/Prefabs/Aderecos/Destrocos_04.prefab using Guid(9a1574f1336f5458aa717a190abb0fd2) Importer(2089858483,0ecaa5967403d082aa24f35e1b516d23)  -> (artifact id: '665bc36543a8a5513188c362ed8af225') in 0.014895 seconds
Number of updated asset objects reloaded before import = 0
Number of asset objects unloaded after import = 7
========================================================================
Received Import Request.
  Time since last request: 0.000016 seconds.
  path: Assets/Prefabs/Aderecos/Grama_04.prefab
  artifactKey: Guid(210f0b38eddd74894b0e5b20184b10d5) Importer(2089858483,0ecaa5967403d082aa24f35e1b516d23)
Start importing Assets/Prefabs/Aderecos/Grama_04.prefab using Guid(210f0b38eddd74894b0e5b20184b10d5) Importer(2089858483,0ecaa5967403d082aa24f35e1b516d23)  -> (artifact id: 'c9e399b6d267dbd6bcb5255081aa0e45') in 0.014972 seconds
Number of updated asset objects reloaded before import = 0
Number of asset objects unloaded after import = 7
========================================================================
Received Import Request.
  Time since last request: 0.000019 seconds.
  path: Assets/Prefabs/Aderecos/Caixa_Municao_Aberta.prefab
  artifactKey: Guid(a5a3a377163944f52b78e8a5789e65c0) Importer(2089858483,0ecaa5967403d082aa24f35e1b516d23)
Start importing Assets/Prefabs/Aderecos/Caixa_Municao_Aberta.prefab using Guid(a5a3a377163944f52b78e8a5789e65c0) Importer(2089858483,0ecaa5967403d082aa24f35e1b516d23)  -> (artifact id: '8ff8e84bb07d8fa329da10cdc2146872') in 0.014584 seconds
Number of updated asset objects reloaded before import = 0
Number of asset objects unloaded after import = 12
========================================================================
Received Import Request.
  Time since last request: 0.000016 seconds.
  path: Assets/Prefabs/Aderecos/Pilha_Caixas_Pequena_01.prefab
  artifactKey: Guid(7f9c1023d811b4074a0ff3b4a5c7f728) Importer(2089858483,0ecaa5967403d082aa24f35e1b516d23)
Start importing Assets/Prefabs/Aderecos/Pilha_Caixas_Pequena_01.prefab using Guid(7f9c1023d811b4074a0ff3b4a5c7f728) Importer(2089858483,0ecaa5967403d082aa24f35e1b516d23)  -> (artifact id: '76490bd24b854c96aec13102fb0de79a') in 0.015533 seconds
Number of updated asset objects reloaded before import = 0
Number of asset objects unloaded after import = 7
========================================================================
Received Import Request.
  Time since last request: 0.000020 seconds.
  path: Assets/Prefabs/Aderecos/Maquina_Venda_02.prefab
  artifactKey: Guid(bc2a309c5af9b471cb07b27eb5303dc3) Importer(2089858483,0ecaa5967403d082aa24f35e1b516d23)
Start importing Assets/Prefabs/Aderecos/Maquina_Venda_02.prefab using Guid(bc2a309c5af9b471cb07b27eb5303dc3) Importer(2089858483,0ecaa5967403d082aa24f35e1b516d23)  -> (artifact id: 'e53cb534b85aadc5ec5ef7f09d719494') in 0.014660 seconds
Number of updated asset objects reloaded before import = 0
Number of asset objects unloaded after import = 7
========================================================================
Received Import Request.
  Time since last request: 0.000029 seconds.
  path: Assets/Prefabs/Aderecos/Grama_02.prefab
  artifactKey: Guid(e36e97c146afe4484915b2877b9cd994) Importer(2089858483,0ecaa5967403d082aa24f35e1b516d23)
Start importing Assets/Prefabs/Aderecos/Grama_02.prefab using Guid(e36e97c146afe4484915b2877b9cd994) Importer(2089858483,0ecaa5967403d082aa24f35e1b516d23)  -> (artifact id: '3e4cc178832f752418dfa6d4c0598440') in 0.015201 seconds
Number of updated asset objects reloaded before import = 0
Number of asset objects unloaded after import = 7
========================================================================
Received Import Request.
  Time since last request: 0.000019 seconds.
  path: Assets/Prefabs/Aderecos/ConeDeRua.prefab
  artifactKey: Guid(ca5dec58f3e5c4a6e8e13586500f0e60) Importer(2089858483,0ecaa5967403d082aa24f35e1b516d23)
Start importing Assets/Prefabs/Aderecos/ConeDeRua.prefab using Guid(ca5dec58f3e5c4a6e8e13586500f0e60) Importer(2089858483,0ecaa5967403d082aa24f35e1b516d23)  -> (artifact id: 'e1ed6ce95299624ee42179b6bc213208') in 0.015927 seconds
Number of updated asset objects reloaded before import = 0
Number of asset objects unloaded after import = 7
========================================================================
Received Import Request.
  Time since last request: 0.000017 seconds.
  path: Assets/Prefabs/Aderecos/Pilha_Caixas_Grande_02.prefab
  artifactKey: Guid(188bf8ca40be94564b3dbb0d4a24bfa5) Importer(2089858483,0ecaa5967403d082aa24f35e1b516d23)
Start importing Assets/Prefabs/Aderecos/Pilha_Caixas_Grande_02.prefab using Guid(188bf8ca40be94564b3dbb0d4a24bfa5) Importer(2089858483,0ecaa5967403d082aa24f35e1b516d23)  -> (artifact id: 'a888461233fd816307e592fe57dbae9d') in 0.015323 seconds
Number of updated asset objects reloaded before import = 0
Number of asset objects unloaded after import = 7
========================================================================
Received Import Request.
  Time since last request: 0.000016 seconds.
  path: Assets/Modelos3D/Veiculos/Carro_Policial.fbx
  artifactKey: Guid(8b1b188cdc964ce4fa912ac72a7d7f0a) Importer(2089858483,0ecaa5967403d082aa24f35e1b516d23)
Start importing Assets/Modelos3D/Veiculos/Carro_Policial.fbx using Guid(8b1b188cdc964ce4fa912ac72a7d7f0a) Importer(2089858483,0ecaa5967403d082aa24f35e1b516d23)  -> (artifact id: '383039bee66a634634ab8c37b8929924') in 0.031856 seconds
Number of updated asset objects reloaded before import = 0
Number of asset objects unloaded after import = 27
========================================================================
Received Import Request.
  Time since last request: 0.000015 seconds.
  path: Assets/Prefabs/Aderecos/Brinquedo_Parque_Destruido.prefab
  artifactKey: Guid(68ff88840697f4c73a726254f20a58f3) Importer(2089858483,0ecaa5967403d082aa24f35e1b516d23)
Start importing Assets/Prefabs/Aderecos/Brinquedo_Parque_Destruido.prefab using Guid(68ff88840697f4c73a726254f20a58f3) Importer(2089858483,0ecaa5967403d082aa24f35e1b516d23)  -> (artifact id: '45d2825eb25f8215af2cbe49378e418b') in 0.015545 seconds
Number of updated asset objects reloaded before import = 0
Number of asset objects unloaded after import = 7
========================================================================
Received Import Request.
  Time since last request: 0.000017 seconds.
  path: Assets/Modelos3D/Armas/Revolver_01.fbx
  artifactKey: Guid(552e85d8247912d489d8baf15e904c81) Importer(2089858483,0ecaa5967403d082aa24f35e1b516d23)
Start importing Assets/Modelos3D/Armas/Revolver_01.fbx using Guid(552e85d8247912d489d8baf15e904c81) Importer(2089858483,0ecaa5967403d082aa24f35e1b516d23)  -> (artifact id: 'a3906189b0fa0b9f5e8bdc4150be7f44') in 0.032408 seconds
Number of updated asset objects reloaded before import = 0
Number of asset objects unloaded after import = 32
========================================================================
Received Import Request.
  Time since last request: 0.000018 seconds.
  path: Assets/Materiais/Personagens/Personagem_Heroina.mat
  artifactKey: Guid(b78b82e7e9aa4ce438403d803a345a8b) Importer(2089858483,0ecaa5967403d082aa24f35e1b516d23)
Start importing Assets/Materiais/Personagens/Personagem_Heroina.mat using Guid(b78b82e7e9aa4ce438403d803a345a8b) Importer(2089858483,0ecaa5967403d082aa24f35e1b516d23)  -> (artifact id: '5a9a96c9042abb8986524fd5ffb36197') in 0.015682 seconds
Number of updated asset objects reloaded before import = 0
Number of asset objects unloaded after import = 2
========================================================================
Received Import Request.
  Time since last request: 0.000019 seconds.
  path: Assets/Modelos3D/Ambiente/Rua_Reta_Grande_Destruido_03.fbx
  artifactKey: Guid(fe25a44f1bc84cb41810868b5d1e9386) Importer(2089858483,0ecaa5967403d082aa24f35e1b516d23)
Start importing Assets/Modelos3D/Ambiente/Rua_Reta_Grande_Destruido_03.fbx using Guid(fe25a44f1bc84cb41810868b5d1e9386) Importer(2089858483,0ecaa5967403d082aa24f35e1b516d23)  -> (artifact id: '37d700dea4d1dd5aa58b9ff1b28138fb') in 0.023473 seconds
Number of updated asset objects reloaded before import = 0
Number of asset objects unloaded after import = 7
========================================================================
Received Import Request.
  Time since last request: 0.000015 seconds.
  path: Assets/Materiais/Zumbis/Zumbi_Palhaco.mat
  artifactKey: Guid(a4e0e781815064b4db59980b78af2175) Importer(2089858483,0ecaa5967403d082aa24f35e1b516d23)
Start importing Assets/Materiais/Zumbis/Zumbi_Palhaco.mat using Guid(a4e0e781815064b4db59980b78af2175) Importer(2089858483,0ecaa5967403d082aa24f35e1b516d23)  -> (artifact id: 'a15bf03af7e93334854d6830fda1afb0') in 0.014101 seconds
Number of updated asset objects reloaded before import = 0
Number of asset objects unloaded after import = 2
========================================================================
Received Import Request.
  Time since last request: 0.000018 seconds.
  path: Assets/Modelos3D/Aderecos/Destrocos_03.fbx
  artifactKey: Guid(cd287f37f6545d044a1bf76c7ef7b6b6) Importer(2089858483,0ecaa5967403d082aa24f35e1b516d23)
Start importing Assets/Modelos3D/Aderecos/Destrocos_03.fbx using Guid(cd287f37f6545d044a1bf76c7ef7b6b6) Importer(2089858483,0ecaa5967403d082aa24f35e1b516d23)  -> (artifact id: 'd7ff26f79bb08b0b0f647c2cdd67b25f') in 0.024040 seconds
Number of updated asset objects reloaded before import = 0
Number of asset objects unloaded after import = 7
========================================================================
Received Import Request.
  Time since last request: 0.000019 seconds.
  path: Assets/Materiais/Personagens/Personagem_Empresario.mat
  artifactKey: Guid(c9ac1eb5c4a6ae8469c12da438812424) Importer(2089858483,0ecaa5967403d082aa24f35e1b516d23)
Start importing Assets/Materiais/Personagens/Personagem_Empresario.mat using Guid(c9ac1eb5c4a6ae8469c12da438812424) Importer(2089858483,0ecaa5967403d082aa24f35e1b516d23)  -> (artifact id: '23a4a394e1ddfe950ae76dc4153acb36') in 0.017285 seconds
Number of updated asset objects reloaded before import = 0
Number of asset objects unloaded after import = 2
========================================================================
Received Import Request.
  Time since last request: 0.000024 seconds.
  path: Assets/Modelos3D/Construcoes/Hotel_Secundario_Destruido.fbx
  artifactKey: Guid(833a86cb485eddc408c979d6e2f581c3) Importer(2089858483,0ecaa5967403d082aa24f35e1b516d23)
Start importing Assets/Modelos3D/Construcoes/Hotel_Secundario_Destruido.fbx using Guid(833a86cb485eddc408c979d6e2f581c3) Importer(2089858483,0ecaa5967403d082aa24f35e1b516d23)  -> (artifact id: 'abe20a644b82fd4fddeb34576ac935b7') in 0.028503 seconds
Number of updated asset objects reloaded before import = 0
Number of asset objects unloaded after import = 17
========================================================================
Received Import Request.
  Time since last request: 0.000029 seconds.
  path: Assets/Materiais/Zumbis/Zumbi_Fazendeiro.mat
  artifactKey: Guid(e5cc05ed45de54f44a492689c311bd00) Importer(2089858483,0ecaa5967403d082aa24f35e1b516d23)
Start importing Assets/Materiais/Zumbis/Zumbi_Fazendeiro.mat using Guid(e5cc05ed45de54f44a492689c311bd00) Importer(2089858483,0ecaa5967403d082aa24f35e1b516d23)  -> (artifact id: 'c1c47b87768194deb7cf1458840c74db') in 0.013190 seconds
Number of updated asset objects reloaded before import = 0
Number of asset objects unloaded after import = 2
========================================================================
Received Import Request.
  Time since last request: 0.064481 seconds.
  path: Assets/Prefabs/Aderecos/Ruina_Predio_01.prefab
  artifactKey: Guid(d147198ed5285430eb0147585a5eaee9) Importer(2089858483,0ecaa5967403d082aa24f35e1b516d23)
Start importing Assets/Prefabs/Aderecos/Ruina_Predio_01.prefab using Guid(d147198ed5285430eb0147585a5eaee9) Importer(2089858483,0ecaa5967403d082aa24f35e1b516d23)  -> (artifact id: '7c4270b83a41079ef77b52a67ccb518c') in 0.014454 seconds
Number of updated asset objects reloaded before import = 0
Number of asset objects unloaded after import = 7
========================================================================
Received Import Request.
  Time since last request: 0.000016 seconds.
  path: Assets/Prefabs/Ambiente/Rua_Quadrado.prefab
  artifactKey: Guid(0ad97ea479e1e4c6e941563750dbf44e) Importer(2089858483,0ecaa5967403d082aa24f35e1b516d23)
Start importing Assets/Prefabs/Ambiente/Rua_Quadrado.prefab using Guid(0ad97ea479e1e4c6e941563750dbf44e) Importer(2089858483,0ecaa5967403d082aa24f35e1b516d23)  -> (artifact id: 'b3355ab23532b4768d3fa1d190c6ead2') in 0.015326 seconds
Number of updated asset objects reloaded before import = 0
Number of asset objects unloaded after import = 7
========================================================================
Received Import Request.
  Time since last request: 0.000019 seconds.
  path: Assets/Prefabs/Aderecos/VasoSanitario.prefab
  artifactKey: Guid(8825dc42d93d1473d80f71558d4c683c) Importer(2089858483,0ecaa5967403d082aa24f35e1b516d23)
Start importing Assets/Prefabs/Aderecos/VasoSanitario.prefab using Guid(8825dc42d93d1473d80f71558d4c683c) Importer(2089858483,0ecaa5967403d082aa24f35e1b516d23)  -> (artifact id: '7f89e806f6a8fbe76dfc3215a34d340e') in 0.014553 seconds
Number of updated asset objects reloaded before import = 0
Number of asset objects unloaded after import = 7
========================================================================
Received Import Request.
  Time since last request: 0.000016 seconds.
  path: Assets/Prefabs/Ambiente/Rua_Cruz.prefab
  artifactKey: Guid(8f35cfd7f2f494ec987c0f3b081fbee7) Importer(2089858483,0ecaa5967403d082aa24f35e1b516d23)
Start importing Assets/Prefabs/Ambiente/Rua_Cruz.prefab using Guid(8f35cfd7f2f494ec987c0f3b081fbee7) Importer(2089858483,0ecaa5967403d082aa24f35e1b516d23)  -> (artifact id: '241d671d7cd8afa1312b4521ff13bec8') in 0.014594 seconds
Number of updated asset objects reloaded before import = 0
Number of asset objects unloaded after import = 7
========================================================================
Received Import Request.
  Time since last request: 0.000020 seconds.
  path: Assets/Prefabs/Armas/Revolver_02.prefab
  artifactKey: Guid(eb466420915594aa68314ac6ad7298af) Importer(2089858483,0ecaa5967403d082aa24f35e1b516d23)
Start importing Assets/Prefabs/Armas/Revolver_02.prefab using Guid(eb466420915594aa68314ac6ad7298af) Importer(2089858483,0ecaa5967403d082aa24f35e1b516d23)  -> (artifact id: '0bb60fea3d8d9dcc44302420d94fca68') in 0.016906 seconds
Number of updated asset objects reloaded before import = 0
Number of asset objects unloaded after import = 32
========================================================================
Received Import Request.
  Time since last request: 0.000024 seconds.
  path: Assets/Prefabs/Ambiente/Corpo_03.prefab
  artifactKey: Guid(d1851c0a8f9ff4c9ab58e34e42f9401f) Importer(2089858483,0ecaa5967403d082aa24f35e1b516d23)
Start importing Assets/Prefabs/Ambiente/Corpo_03.prefab using Guid(d1851c0a8f9ff4c9ab58e34e42f9401f) Importer(2089858483,0ecaa5967403d082aa24f35e1b516d23)  -> (artifact id: '369542a0e370ea6b11f0e3030cf924ba') in 0.016751 seconds
Number of updated asset objects reloaded before import = 0
Number of asset objects unloaded after import = 7
========================================================================
Received Import Request.
  Time since last request: 0.000018 seconds.
  path: Assets/Prefabs/Construcoes/Hotel_Placa.prefab
  artifactKey: Guid(ffcbfd5563b81402fa99efcd98ed9a4f) Importer(2089858483,0ecaa5967403d082aa24f35e1b516d23)
Start importing Assets/Prefabs/Construcoes/Hotel_Placa.prefab using Guid(ffcbfd5563b81402fa99efcd98ed9a4f) Importer(2089858483,0ecaa5967403d082aa24f35e1b516d23)  -> (artifact id: '74105f66117b6f5d0b47f06dddd86df5') in 0.016553 seconds
Number of updated asset objects reloaded before import = 0
Number of asset objects unloaded after import = 12
========================================================================
Received Import Request.
  Time since last request: 0.000019 seconds.
  path: Assets/Prefabs/Armas/PistolaDeAgua.prefab
  artifactKey: Guid(7dd2145dbae37472ba992ebe5c01ca04) Importer(2089858483,0ecaa5967403d082aa24f35e1b516d23)
Start importing Assets/Prefabs/Armas/PistolaDeAgua.prefab using Guid(7dd2145dbae37472ba992ebe5c01ca04) Importer(2089858483,0ecaa5967403d082aa24f35e1b516d23)  -> (artifact id: '46612f4b0573339915318e4a0331c7b8') in 0.017046 seconds
Number of updated asset objects reloaded before import = 0
Number of asset objects unloaded after import = 7
========================================================================
Received Import Request.
  Time since last request: 0.000017 seconds.
  path: Assets/Prefabs/Ambiente/ParedeTijolos_01.prefab
  artifactKey: Guid(bec1efa2b295d4ecdbe8309f846111e7) Importer(2089858483,0ecaa5967403d082aa24f35e1b516d23)
Start importing Assets/Prefabs/Ambiente/ParedeTijolos_01.prefab using Guid(bec1efa2b295d4ecdbe8309f846111e7) Importer(2089858483,0ecaa5967403d082aa24f35e1b516d23)  -> (artifact id: '462fc2524bc5735370c4c638258a1022') in 0.015309 seconds
Number of updated asset objects reloaded before import = 0
Number of asset objects unloaded after import = 7
========================================================================
Received Import Request.
  Time since last request: 0.000034 seconds.
  path: Assets/Prefabs/Ambiente/Terra_03.prefab
  artifactKey: Guid(0d99758f8dacb4e78b125f8de6b97a39) Importer(2089858483,0ecaa5967403d082aa24f35e1b516d23)
Start importing Assets/Prefabs/Ambiente/Terra_03.prefab using Guid(0d99758f8dacb4e78b125f8de6b97a39) Importer(2089858483,0ecaa5967403d082aa24f35e1b516d23)  -> (artifact id: '7a209463ba135e8e283b0ba6072ac3a2') in 0.017118 seconds
Number of updated asset objects reloaded before import = 0
Number of asset objects unloaded after import = 7
========================================================================
Received Import Request.
  Time since last request: 0.000030 seconds.
  path: Assets/Prefabs/Ambiente/ParedeTijolos_Destruido_01.prefab
  artifactKey: Guid(fb0717d22731641ffa17f7938709c24a) Importer(2089858483,0ecaa5967403d082aa24f35e1b516d23)
Start importing Assets/Prefabs/Ambiente/ParedeTijolos_Destruido_01.prefab using Guid(fb0717d22731641ffa17f7938709c24a) Importer(2089858483,0ecaa5967403d082aa24f35e1b516d23)  -> (artifact id: 'e3164ec97e5142a46468cb4518c78024') in 0.016075 seconds
Number of updated asset objects reloaded before import = 0
Number of asset objects unloaded after import = 7
========================================================================
Received Import Request.
  Time since last request: 0.000016 seconds.
  path: Assets/Prefabs/Ambiente/Rua_Reta_Grande_Destruido_02.prefab
  artifactKey: Guid(3623014e57a5d4438ad08b4c92f8005f) Importer(2089858483,0ecaa5967403d082aa24f35e1b516d23)
Start importing Assets/Prefabs/Ambiente/Rua_Reta_Grande_Destruido_02.prefab using Guid(3623014e57a5d4438ad08b4c92f8005f) Importer(2089858483,0ecaa5967403d082aa24f35e1b516d23)  -> (artifact id: '04248b6e6e7e2d240a63121ba288af47') in 0.014354 seconds
Number of updated asset objects reloaded before import = 0
Number of asset objects unloaded after import = 7
========================================================================
Received Import Request.
  Time since last request: 0.000024 seconds.
  path: Assets/Prefabs/Construcoes/Casa_Destruido_01.prefab
  artifactKey: Guid(fb103434f08824c6cbac03c4a9351aa8) Importer(2089858483,0ecaa5967403d082aa24f35e1b516d23)
Start importing Assets/Prefabs/Construcoes/Casa_Destruido_01.prefab using Guid(fb103434f08824c6cbac03c4a9351aa8) Importer(2089858483,0ecaa5967403d082aa24f35e1b516d23)  -> (artifact id: '0d5a5882384e7f7b565a094b6098eaf3') in 0.016148 seconds
Number of updated asset objects reloaded before import = 0
Number of asset objects unloaded after import = 12
========================================================================
Received Import Request.
  Time since last request: 0.000015 seconds.
  path: Assets/Prefabs/Construcoes/Loja_Destruido_03.prefab
  artifactKey: Guid(b0d533d5cf9d144e2ae7f6e595614ec5) Importer(2089858483,0ecaa5967403d082aa24f35e1b516d23)
Start importing Assets/Prefabs/Construcoes/Loja_Destruido_03.prefab using Guid(b0d533d5cf9d144e2ae7f6e595614ec5) Importer(2089858483,0ecaa5967403d082aa24f35e1b516d23)  -> (artifact id: 'd8149ad177ca57a200bdec856d538345') in 0.014865 seconds
Number of updated asset objects reloaded before import = 0
Number of asset objects unloaded after import = 17
========================================================================
Received Import Request.
  Time since last request: 0.000022 seconds.
  path: Assets/Prefabs/Aderecos/SacoDeDormir_03.prefab
  artifactKey: Guid(7a76260b2a28045b889278dcc2110d71) Importer(2089858483,0ecaa5967403d082aa24f35e1b516d23)
Start importing Assets/Prefabs/Aderecos/SacoDeDormir_03.prefab using Guid(7a76260b2a28045b889278dcc2110d71) Importer(2089858483,0ecaa5967403d082aa24f35e1b516d23)  -> (artifact id: '6eca7c7e854f6979393a1e417898f0b3') in 0.015274 seconds
Number of updated asset objects reloaded before import = 0
Number of asset objects unloaded after import = 7
========================================================================
Received Import Request.
  Time since last request: 0.000026 seconds.
  path: Assets/Prefabs/Ambiente/ParedeTijolos_02.prefab
  artifactKey: Guid(0b76d7f1a737248a59eb5b1fef8f7ba4) Importer(2089858483,0ecaa5967403d082aa24f35e1b516d23)
Start importing Assets/Prefabs/Ambiente/ParedeTijolos_02.prefab using Guid(0b76d7f1a737248a59eb5b1fef8f7ba4) Importer(2089858483,0ecaa5967403d082aa24f35e1b516d23)  -> (artifact id: '8e4b3e41abbbeec0f795e5703d11242b') in 0.017724 seconds
Number of updated asset objects reloaded before import = 0
Number of asset objects unloaded after import = 7
========================================================================
Received Import Request.
  Time since last request: 0.000023 seconds.
  path: Assets/Prefabs/Construcoes/Apartamentos_Grande_Destruido_01.prefab
  artifactKey: Guid(4cfc1632947444d57965ab47e7863660) Importer(2089858483,0ecaa5967403d082aa24f35e1b516d23)
Start importing Assets/Prefabs/Construcoes/Apartamentos_Grande_Destruido_01.prefab using Guid(4cfc1632947444d57965ab47e7863660) Importer(2089858483,0ecaa5967403d082aa24f35e1b516d23)  -> (artifact id: '0f4b67368e7d114dd802e83c0be5fdd8') in 0.017531 seconds
Number of updated asset objects reloaded before import = 0
Number of asset objects unloaded after import = 17
========================================================================
Received Import Request.
  Time since last request: 0.000017 seconds.
  path: Assets/Prefabs/Aderecos/Semaforo_Destruido_01.prefab
  artifactKey: Guid(5cf79f2646ba14a8bad0a045b2ddb8a8) Importer(2089858483,0ecaa5967403d082aa24f35e1b516d23)
Start importing Assets/Prefabs/Aderecos/Semaforo_Destruido_01.prefab using Guid(5cf79f2646ba14a8bad0a045b2ddb8a8) Importer(2089858483,0ecaa5967403d082aa24f35e1b516d23)  -> (artifact id: '0a88cf7e3d651dfed435b1dbda60f285') in 0.017689 seconds
Number of updated asset objects reloaded before import = 0
Number of asset objects unloaded after import = 7
========================================================================
Received Import Request.
  Time since last request: 0.000027 seconds.
  path: Assets/Prefabs/Construcoes/Casa_Media_Destruido_02.prefab
  artifactKey: Guid(f03ac3cbbce2d4642a5df83b679514db) Importer(2089858483,0ecaa5967403d082aa24f35e1b516d23)
Start importing Assets/Prefabs/Construcoes/Casa_Media_Destruido_02.prefab using Guid(f03ac3cbbce2d4642a5df83b679514db) Importer(2089858483,0ecaa5967403d082aa24f35e1b516d23)  -> (artifact id: '23aaec58b65164bde2eeb139385d816a') in 0.017559 seconds
Number of updated asset objects reloaded before import = 0
Number of asset objects unloaded after import = 17
========================================================================
Received Import Request.
  Time since last request: 0.000018 seconds.
  path: Assets/Prefabs/Construcoes/Hospital.prefab
  artifactKey: Guid(af85de14b9e7c4fbf83d21e1ce324189) Importer(2089858483,0ecaa5967403d082aa24f35e1b516d23)
Start importing Assets/Prefabs/Construcoes/Hospital.prefab using Guid(af85de14b9e7c4fbf83d21e1ce324189) Importer(2089858483,0ecaa5967403d082aa24f35e1b516d23)  -> (artifact id: '95df0d409e84cd99e4ad7d126085e0c8') in 0.015312 seconds
Number of updated asset objects reloaded before import = 0
Number of asset objects unloaded after import = 7
========================================================================
Received Import Request.
  Time since last request: 0.000018 seconds.
  path: Assets/Prefabs/Ambiente/Rua_Reta_Grande_Destruido_06.prefab
  artifactKey: Guid(6b2b4dd5fec8e4c32b71936101bbf862) Importer(2089858483,0ecaa5967403d082aa24f35e1b516d23)
Start importing Assets/Prefabs/Ambiente/Rua_Reta_Grande_Destruido_06.prefab using Guid(6b2b4dd5fec8e4c32b71936101bbf862) Importer(2089858483,0ecaa5967403d082aa24f35e1b516d23)  -> (artifact id: 'e88124a3ce85ea0078115bfe80b677a5') in 0.017793 seconds
Number of updated asset objects reloaded before import = 0
Number of asset objects unloaded after import = 7
========================================================================
Received Import Request.
  Time since last request: 0.000018 seconds.
  path: Assets/Prefabs/Ambiente/Rua_Reta_Grande_Destruido.prefab
  artifactKey: Guid(165c63e06bedd476890c8366e8b09d85) Importer(2089858483,0ecaa5967403d082aa24f35e1b516d23)
Start importing Assets/Prefabs/Ambiente/Rua_Reta_Grande_Destruido.prefab using Guid(165c63e06bedd476890c8366e8b09d85) Importer(2089858483,0ecaa5967403d082aa24f35e1b516d23)  -> (artifact id: '54d05331096729df3428071f4869fb38') in 0.015112 seconds
Number of updated asset objects reloaded before import = 0
Number of asset objects unloaded after import = 7
========================================================================
Received Import Request.
  Time since last request: 0.000017 seconds.
  path: Assets/Prefabs/Armas/Revolver_01.prefab
  artifactKey: Guid(204cc7a7baee34a84a3b725be2689093) Importer(2089858483,0ecaa5967403d082aa24f35e1b516d23)
Start importing Assets/Prefabs/Armas/Revolver_01.prefab using Guid(204cc7a7baee34a84a3b725be2689093) Importer(2089858483,0ecaa5967403d082aa24f35e1b516d23)  -> (artifact id: '5a0202bf3f038b5cce518b6718e209da') in 0.015459 seconds
Number of updated asset objects reloaded before import = 0
Number of asset objects unloaded after import = 32
========================================================================
Received Import Request.
  Time since last request: 0.000025 seconds.
  path: Assets/Prefabs/Construcoes/Hotel_Secundario_Destruido.prefab
  artifactKey: Guid(f07248265734fb3449c9b35e3c011838) Importer(2089858483,0ecaa5967403d082aa24f35e1b516d23)
Start importing Assets/Prefabs/Construcoes/Hotel_Secundario_Destruido.prefab using Guid(f07248265734fb3449c9b35e3c011838) Importer(2089858483,0ecaa5967403d082aa24f35e1b516d23)  -> (artifact id: '71387c06b6d3221be19a5e2a80322747') in 0.016725 seconds
Number of updated asset objects reloaded before import = 0
Number of asset objects unloaded after import = 31
========================================================================
Received Import Request.
  Time since last request: 0.000031 seconds.
  path: Assets/Prefabs/Construcoes/Loja_Destruido_04.prefab
  artifactKey: Guid(5ba34cc0e3e4e41109617e362b536b5d) Importer(2089858483,0ecaa5967403d082aa24f35e1b516d23)
Start importing Assets/Prefabs/Construcoes/Loja_Destruido_04.prefab using Guid(5ba34cc0e3e4e41109617e362b536b5d) Importer(2089858483,0ecaa5967403d082aa24f35e1b516d23)  -> (artifact id: '9a0d02aa2e4e079c113ad62802246ffe') in 0.016154 seconds
Number of updated asset objects reloaded before import = 0
Number of asset objects unloaded after import = 17
========================================================================
Received Import Request.
  Time since last request: 0.086931 seconds.
  path: Assets/Prefabs/Construcoes/Loja_Destruido_06.prefab
  artifactKey: Guid(01beadeab9463430ab3c5d79971b707c) Importer(2089858483,0ecaa5967403d082aa24f35e1b516d23)
Start importing Assets/Prefabs/Construcoes/Loja_Destruido_06.prefab using Guid(01beadeab9463430ab3c5d79971b707c) Importer(2089858483,0ecaa5967403d082aa24f35e1b516d23)  -> (artifact id: '97e71873343ba30af88e2cf95a0e854a') in 0.017053 seconds
Number of updated asset objects reloaded before import = 0
Number of asset objects unloaded after import = 12
========================================================================
Received Import Request.
  Time since last request: 0.000027 seconds.
  path: Assets/Prefabs/Itens/Isqueiro.prefab
  artifactKey: Guid(ea8c5cea01d4e4188b8f30e349432a5f) Importer(2089858483,0ecaa5967403d082aa24f35e1b516d23)
Start importing Assets/Prefabs/Itens/Isqueiro.prefab using Guid(ea8c5cea01d4e4188b8f30e349432a5f) Importer(2089858483,0ecaa5967403d082aa24f35e1b516d23)  -> (artifact id: '5d1b1511fbe497242fddd41e782dc11e') in 0.015282 seconds
Number of updated asset objects reloaded before import = 0
Number of asset objects unloaded after import = 7
========================================================================
Received Import Request.
  Time since last request: 0.000016 seconds.
  path: Assets/Prefabs/Itens/Brinquedo_Damas.prefab
  artifactKey: Guid(8f0e7b584ded441afb351fb70ff08183) Importer(2089858483,0ecaa5967403d082aa24f35e1b516d23)
Start importing Assets/Prefabs/Itens/Brinquedo_Damas.prefab using Guid(8f0e7b584ded441afb351fb70ff08183) Importer(2089858483,0ecaa5967403d082aa24f35e1b516d23)  -> (artifact id: 'a4968c6c5e73bbade373b7ee01e7d97f') in 0.015455 seconds
Number of updated asset objects reloaded before import = 0
Number of asset objects unloaded after import = 7
========================================================================
Received Import Request.
  Time since last request: 0.000021 seconds.
  path: Assets/Texturas/Personagens/Personagem_MulherSoldado.png
  artifactKey: Guid(cbdbc75b8920ae74c87300b761f20e60) Importer(2089858483,0ecaa5967403d082aa24f35e1b516d23)
Start importing Assets/Texturas/Personagens/Personagem_MulherSoldado.png using Guid(cbdbc75b8920ae74c87300b761f20e60) Importer(2089858483,0ecaa5967403d082aa24f35e1b516d23)  -> (artifact id: 'c2767f1d0032ee2f9b63d7ac82bae415') in 0.079316 seconds
Number of updated asset objects reloaded before import = 0
Number of asset objects unloaded after import = 1
========================================================================
Received Import Request.
  Time since last request: 0.000057 seconds.
  path: Assets/Texturas/Zumbis/Zumbi_ControleAeroporto.png
  artifactKey: Guid(5eb25a982d788cf42a2c3dcd29fda88b) Importer(2089858483,0ecaa5967403d082aa24f35e1b516d23)
Start importing Assets/Texturas/Zumbis/Zumbi_ControleAeroporto.png using Guid(5eb25a982d788cf42a2c3dcd29fda88b) Importer(2089858483,0ecaa5967403d082aa24f35e1b516d23)  -> (artifact id: '4a50817133e7de6d96530d9891a71a5e') in 0.024381 seconds
Number of updated asset objects reloaded before import = 0
Number of asset objects unloaded after import = 1
========================================================================
Received Import Request.
  Time since last request: 0.000053 seconds.
  path: Assets/Prefabs/Veiculos/Helicoptero_Destruido.prefab
  artifactKey: Guid(d3b3574e65a104da6b8e3e8cc2517e34) Importer(2089858483,0ecaa5967403d082aa24f35e1b516d23)
Start importing Assets/Prefabs/Veiculos/Helicoptero_Destruido.prefab using Guid(d3b3574e65a104da6b8e3e8cc2517e34) Importer(2089858483,0ecaa5967403d082aa24f35e1b516d23)  -> (artifact id: '0e7b21039218cf8aff8ca16e1e9c3813') in 0.018573 seconds
Number of updated asset objects reloaded before import = 0
Number of asset objects unloaded after import = 7
========================================================================
Received Import Request.
  Time since last request: 0.000018 seconds.
  path: Assets/Prefabs/Construcoes/Torre_Agua.prefab
  artifactKey: Guid(97dc7f64ea9334b1bac4f23088382d45) Importer(2089858483,0ecaa5967403d082aa24f35e1b516d23)
Start importing Assets/Prefabs/Construcoes/Torre_Agua.prefab using Guid(97dc7f64ea9334b1bac4f23088382d45) Importer(2089858483,0ecaa5967403d082aa24f35e1b516d23)  -> (artifact id: '911851abf3fe3b7f5236c8717dd4f132') in 0.017383 seconds
Number of updated asset objects reloaded before import = 0
Number of asset objects unloaded after import = 7
========================================================================
Received Import Request.
  Time since last request: 0.000019 seconds.
  path: Assets/Prefabs/Veiculos/Carro_Capotado_03.prefab
  artifactKey: Guid(a9398d190b8e94f2f9e38d8b1fe42278) Importer(2089858483,0ecaa5967403d082aa24f35e1b516d23)
Start importing Assets/Prefabs/Veiculos/Carro_Capotado_03.prefab using Guid(a9398d190b8e94f2f9e38d8b1fe42278) Importer(2089858483,0ecaa5967403d082aa24f35e1b516d23)  -> (artifact id: '3ddb3af48ad1307e698a45e961a3b11c') in 0.014940 seconds
Number of updated asset objects reloaded before import = 0
Number of asset objects unloaded after import = 7
========================================================================
Received Import Request.
  Time since last request: 0.000021 seconds.
  path: Assets/Texturas/Personagens/Personagem_Medico.png
  artifactKey: Guid(403888f5ebac1c9429f7645d03dc100c) Importer(2089858483,0ecaa5967403d082aa24f35e1b516d23)
Start importing Assets/Texturas/Personagens/Personagem_Medico.png using Guid(403888f5ebac1c9429f7645d03dc100c) Importer(2089858483,0ecaa5967403d082aa24f35e1b516d23)  -> (artifact id: '5d435573d585eb3a0e2ac902568d344c') in 0.022381 seconds
Number of updated asset objects reloaded before import = 0
Number of asset objects unloaded after import = 1
========================================================================
Received Import Request.
  Time since last request: 0.000019 seconds.
  path: Assets/Prefabs/Construcoes/Predio_Comercial_Destruido_03.prefab
  artifactKey: Guid(d48c4751b011a482eb2476af6830afe3) Importer(2089858483,0ecaa5967403d082aa24f35e1b516d23)
Start importing Assets/Prefabs/Construcoes/Predio_Comercial_Destruido_03.prefab using Guid(d48c4751b011a482eb2476af6830afe3) Importer(2089858483,0ecaa5967403d082aa24f35e1b516d23)  -> (artifact id: 'adfaf95ab1554f1436023f8176970eda') in 0.016347 seconds
Number of updated asset objects reloaded before import = 0
Number of asset objects unloaded after import = 12
========================================================================
Received Import Request.
  Time since last request: 0.000022 seconds.
  path: Assets/Texturas/Zumbis/Zumbi_Bombeiro.png
  artifactKey: Guid(2d2be3f73ff1c504098b7ba60bbef03f) Importer(2089858483,0ecaa5967403d082aa24f35e1b516d23)
Start importing Assets/Texturas/Zumbis/Zumbi_Bombeiro.png using Guid(2d2be3f73ff1c504098b7ba60bbef03f) Importer(2089858483,0ecaa5967403d082aa24f35e1b516d23)  -> (artifact id: '06ba724970b8c09e2d4a501be6e6f573') in 0.026129 seconds
Number of updated asset objects reloaded before import = 0
Number of asset objects unloaded after import = 1
========================================================================
Received Import Request.
  Time since last request: 0.000037 seconds.
  path: Assets/Prefabs/Personagens/Zumbi.prefab
  artifactKey: Guid(35861510587b7489780fe86970823679) Importer(2089858483,0ecaa5967403d082aa24f35e1b516d23)
Start importing Assets/Prefabs/Personagens/Zumbi.prefab using Guid(35861510587b7489780fe86970823679) Importer(2089858483,0ecaa5967403d082aa24f35e1b516d23)  -> (artifact id: '76eba43a4623a0d54e33baf57f8732c5') in 0.021696 seconds
Number of updated asset objects reloaded before import = 0
Number of asset objects unloaded after import = 148
========================================================================
Received Import Request.
  Time since last request: 0.000018 seconds.
  path: Assets/Prefabs/Construcoes/Trailer_Estacionado_Destruido.prefab
  artifactKey: Guid(7a4bc96ca24cb4c53bb328f746d7ba54) Importer(2089858483,0ecaa5967403d082aa24f35e1b516d23)
Start importing Assets/Prefabs/Construcoes/Trailer_Estacionado_Destruido.prefab using Guid(7a4bc96ca24cb4c53bb328f746d7ba54) Importer(2089858483,0ecaa5967403d082aa24f35e1b516d23)  -> (artifact id: '085179c3e8da01d4b2b1408dfc29841f') in 0.016749 seconds
Number of updated asset objects reloaded before import = 0
Number of asset objects unloaded after import = 12
========================================================================
Received Import Request.
  Time since last request: 0.000015 seconds.
  path: Assets/Prefabs/Construcoes/Predio_Comercial_Destruido_01.prefab
  artifactKey: Guid(7838d82f56cc54177bf8ef54183cac12) Importer(2089858483,0ecaa5967403d082aa24f35e1b516d23)
Start importing Assets/Prefabs/Construcoes/Predio_Comercial_Destruido_01.prefab using Guid(7838d82f56cc54177bf8ef54183cac12) Importer(2089858483,0ecaa5967403d082aa24f35e1b516d23)  -> (artifact id: '5ddda707dc03f391d7fe6338917574bb') in 0.016983 seconds
Number of updated asset objects reloaded before import = 0
Number of asset objects unloaded after import = 12
========================================================================
Received Import Request.
  Time since last request: 0.000017 seconds.
  path: Assets/Prefabs/Itens/Cantil.prefab
  artifactKey: Guid(2252f59e5341e4245871c2fbec346f94) Importer(2089858483,0ecaa5967403d082aa24f35e1b516d23)
Start importing Assets/Prefabs/Itens/Cantil.prefab using Guid(2252f59e5341e4245871c2fbec346f94) Importer(2089858483,0ecaa5967403d082aa24f35e1b516d23)  -> (artifact id: '68680eab351d2b23331925602cacfdd5') in 0.019335 seconds
Number of updated asset objects reloaded before import = 0
Number of asset objects unloaded after import = 7
========================================================================
Received Import Request.
  Time since last request: 0.000031 seconds.
  path: Assets/Texturas/Zumbis/Zumbi_AtendenteLoja.png
  artifactKey: Guid(317df323758af614cbad2150890261f4) Importer(2089858483,0ecaa5967403d082aa24f35e1b516d23)
Start importing Assets/Texturas/Zumbis/Zumbi_AtendenteLoja.png using Guid(317df323758af614cbad2150890261f4) Importer(2089858483,0ecaa5967403d082aa24f35e1b516d23)  -> (artifact id: 'd7005767b60b33a1b9f7f5c74b017a31') in 0.029681 seconds
Number of updated asset objects reloaded before import = 0
Number of asset objects unloaded after import = 1
========================================================================
Received Import Request.
  Time since last request: 0.000032 seconds.
  path: Assets/Modelos3D/Personagens/Animacoes/Animacoes_IK.fbx
  artifactKey: Guid(6e4b26fde7f77c046bed3bb532de26f1) Importer(2089858483,0ecaa5967403d082aa24f35e1b516d23)
Start importing Assets/Modelos3D/Personagens/Animacoes/Animacoes_IK.fbx using Guid(6e4b26fde7f77c046bed3bb532de26f1) Importer(2089858483,0ecaa5967403d082aa24f35e1b516d23)  -> (artifact id: '2974ae9c476a613809ea548d5e97928e') in 0.029971 seconds
Number of updated asset objects reloaded before import = 0
Number of asset objects unloaded after import = 48
========================================================================
Received Import Request.
  Time since last request: 0.000021 seconds.
  path: Assets/Texturas/Personagens/Personagem_HomemSobrevivente02.png
  artifactKey: Guid(759a2865d1d13124fb63d5d335119260) Importer(2089858483,0ecaa5967403d082aa24f35e1b516d23)
Start importing Assets/Texturas/Personagens/Personagem_HomemSobrevivente02.png using Guid(759a2865d1d13124fb63d5d335119260) Importer(2089858483,0ecaa5967403d082aa24f35e1b516d23)  -> (artifact id: '32a0314e46090465c2986d44c1e64e72') in 0.024608 seconds
Number of updated asset objects reloaded before import = 0
Number of asset objects unloaded after import = 1
========================================================================
Received Import Request.
  Time since last request: 0.000048 seconds.
  path: Assets/Prefabs/Veiculos/CarroClassico.prefab
  artifactKey: Guid(d7294dba362ab4aadbb0a1f8f30453cb) Importer(2089858483,0ecaa5967403d082aa24f35e1b516d23)
Start importing Assets/Prefabs/Veiculos/CarroClassico.prefab using Guid(d7294dba362ab4aadbb0a1f8f30453cb) Importer(2089858483,0ecaa5967403d082aa24f35e1b516d23)  -> (artifact id: '5032c69db5e9b2fe6e1c7f3aae3bbaf3') in 0.017634 seconds
Number of updated asset objects reloaded before import = 0
Number of asset objects unloaded after import = 32
========================================================================
Received Import Request.
  Time since last request: 0.000015 seconds.
  path: Assets/Modelos3D/Personagens/Animacoes/Animacoes_Zumbi.txt
  artifactKey: Guid(dedeb49e73b6d54469c92bc018e4cf32) Importer(2089858483,0ecaa5967403d082aa24f35e1b516d23)
Start importing Assets/Modelos3D/Personagens/Animacoes/Animacoes_Zumbi.txt using Guid(dedeb49e73b6d54469c92bc018e4cf32) Importer(2089858483,0ecaa5967403d082aa24f35e1b516d23)  -> (artifact id: 'b4d7e80b7d9f75d6eace1c4501b60ac6') in 0.012504 seconds
Number of updated asset objects reloaded before import = 0
Number of asset objects unloaded after import = 1
========================================================================
Received Import Request.
  Time since last request: 0.000102 seconds.
  path: Assets/Prefabs/Itens/ComidaEnlatada_04.prefab
  artifactKey: Guid(8a65fd58c8d794276bbe2784f9d12ef3) Importer(2089858483,0ecaa5967403d082aa24f35e1b516d23)
Start importing Assets/Prefabs/Itens/ComidaEnlatada_04.prefab using Guid(8a65fd58c8d794276bbe2784f9d12ef3) Importer(2089858483,0ecaa5967403d082aa24f35e1b516d23)  -> (artifact id: 'ceb5ab3c8218296334badd2ed6bb97b0') in 0.017094 seconds
Number of updated asset objects reloaded before import = 0
Number of asset objects unloaded after import = 7
========================================================================
Received Import Request.
  Time since last request: 0.000019 seconds.
  path: Assets/Prefabs/Veiculos/Caminhonete_Quebrada_01.prefab
  artifactKey: Guid(e02fae233aab240dfb69c6c170b19bfd) Importer(2089858483,0ecaa5967403d082aa24f35e1b516d23)
Start importing Assets/Prefabs/Veiculos/Caminhonete_Quebrada_01.prefab using Guid(e02fae233aab240dfb69c6c170b19bfd) Importer(2089858483,0ecaa5967403d082aa24f35e1b516d23)  -> (artifact id: 'cba680b2eea1eede1613503dfbafb395') in 0.013867 seconds
Number of updated asset objects reloaded before import = 0
Number of asset objects unloaded after import = 7
========================================================================
Received Import Request.
  Time since last request: 0.000016 seconds.
  path: Assets/Texturas/Zumbis/Zumbi_Executivo.png
  artifactKey: Guid(86b594a11a411eb43a6d96e02578abe8) Importer(2089858483,0ecaa5967403d082aa24f35e1b516d23)
Start importing Assets/Texturas/Zumbis/Zumbi_Executivo.png using Guid(86b594a11a411eb43a6d96e02578abe8) Importer(2089858483,0ecaa5967403d082aa24f35e1b516d23)  -> (artifact id: 'f5aada1422b7dacb0c3b345c385dfbe1') in 0.024705 seconds
Number of updated asset objects reloaded before import = 0
Number of asset objects unloaded after import = 1
========================================================================
Received Import Request.
  Time since last request: 0.000016 seconds.
  path: Assets/Prefabs/Itens/Garrafa.prefab
  artifactKey: Guid(8e9e7a65205bc4c209ccd0a5431af8ff) Importer(2089858483,0ecaa5967403d082aa24f35e1b516d23)
Start importing Assets/Prefabs/Itens/Garrafa.prefab using Guid(8e9e7a65205bc4c209ccd0a5431af8ff) Importer(2089858483,0ecaa5967403d082aa24f35e1b516d23)  -> (artifact id: 'ad67e5dba2e544bd7c39f54568b543e6') in 0.014696 seconds
Number of updated asset objects reloaded before import = 0
Number of asset objects unloaded after import = 7
========================================================================
Received Import Request.
  Time since last request: 0.000017 seconds.
  path: Assets/Texturas/Zumbis/Zumbi_TrabalhadorEstrada.png
  artifactKey: Guid(258175a7011fa554c957f848b082fa1f) Importer(2089858483,0ecaa5967403d082aa24f35e1b516d23)
Start importing Assets/Texturas/Zumbis/Zumbi_TrabalhadorEstrada.png using Guid(258175a7011fa554c957f848b082fa1f) Importer(2089858483,0ecaa5967403d082aa24f35e1b516d23)  -> (artifact id: '6c40bd5f14f029013ed30666906e086a') in 0.022305 seconds
Number of updated asset objects reloaded before import = 0
Number of asset objects unloaded after import = 1
========================================================================
Received Import Request.
  Time since last request: 0.000052 seconds.
  path: Assets/Prefabs/Construcoes/Predio_Comercial_Destruido_04.prefab
  artifactKey: Guid(284159092372e4a9b897672fcded70aa) Importer(2089858483,0ecaa5967403d082aa24f35e1b516d23)
Start importing Assets/Prefabs/Construcoes/Predio_Comercial_Destruido_04.prefab using Guid(284159092372e4a9b897672fcded70aa) Importer(2089858483,0ecaa5967403d082aa24f35e1b516d23)  -> (artifact id: '5ea20bd773f9c32e18a7fb82c5a2e210') in 0.016607 seconds
Number of updated asset objects reloaded before import = 0
Number of asset objects unloaded after import = 12
========================================================================
Received Import Request.
  Time since last request: 0.000020 seconds.
  path: Assets/Texturas/Zumbis/Zumbi_Palhaco.png
  artifactKey: Guid(9f5f0c12c3d927c45a333361dcfcd5aa) Importer(2089858483,0ecaa5967403d082aa24f35e1b516d23)
Start importing Assets/Texturas/Zumbis/Zumbi_Palhaco.png using Guid(9f5f0c12c3d927c45a333361dcfcd5aa) Importer(2089858483,0ecaa5967403d082aa24f35e1b516d23)  -> (artifact id: 'f5004cbe7606972572b825945e4c175f') in 0.025482 seconds
Number of updated asset objects reloaded before import = 0
Number of asset objects unloaded after import = 1
========================================================================
Received Import Request.
  Time since last request: 0.000022 seconds.
  path: Assets/Texturas/Zumbis/Zumbi_LiderDeTorcida.png
  artifactKey: Guid(969b8499de92f7d41839e687f672f69e) Importer(2089858483,0ecaa5967403d082aa24f35e1b516d23)
Start importing Assets/Texturas/Zumbis/Zumbi_LiderDeTorcida.png using Guid(969b8499de92f7d41839e687f672f69e) Importer(2089858483,0ecaa5967403d082aa24f35e1b516d23)  -> (artifact id: 'c8332ec9a60a21792591df47d964e006') in 0.025289 seconds
Number of updated asset objects reloaded before import = 0
Number of asset objects unloaded after import = 1
========================================================================
Received Import Request.
  Time since last request: 0.000031 seconds.
  path: Assets/Texturas/Personagens/Personagem_Xerife.png
  artifactKey: Guid(15e6407923e657947b0a85a81335a9d4) Importer(2089858483,0ecaa5967403d082aa24f35e1b516d23)
Start importing Assets/Texturas/Personagens/Personagem_Xerife.png using Guid(15e6407923e657947b0a85a81335a9d4) Importer(2089858483,0ecaa5967403d082aa24f35e1b516d23)  -> (artifact id: 'b520c1a209b3d90fe44a36d6791abec5') in 0.025857 seconds
Number of updated asset objects reloaded before import = 0
Number of asset objects unloaded after import = 1
========================================================================
Received Import Request.
  Time since last request: 0.000029 seconds.
  path: Assets/Prefabs/Construcoes/Posto_Policial_Destruido.prefab
  artifactKey: Guid(c4c946c2d39de43928d15cf347c89205) Importer(2089858483,0ecaa5967403d082aa24f35e1b516d23)
Start importing Assets/Prefabs/Construcoes/Posto_Policial_Destruido.prefab using Guid(c4c946c2d39de43928d15cf347c89205) Importer(2089858483,0ecaa5967403d082aa24f35e1b516d23)  -> (artifact id: '8085f3cb812aec6893f9d7da2b8b8833') in 0.015498 seconds
Number of updated asset objects reloaded before import = 0
Number of asset objects unloaded after import = 17
========================================================================
Received Import Request.
  Time since last request: 0.000016 seconds.
  path: Assets/Texturas/Personagens/Personagem_HomemSobrevivente01.png
  artifactKey: Guid(057d23c98cc0d1a4da8787538aaff79c) Importer(2089858483,0ecaa5967403d082aa24f35e1b516d23)
Start importing Assets/Texturas/Personagens/Personagem_HomemSobrevivente01.png using Guid(057d23c98cc0d1a4da8787538aaff79c) Importer(2089858483,0ecaa5967403d082aa24f35e1b516d23)  -> (artifact id: 'bea953c60719081c361d4a3c48844d43') in 0.022456 seconds
Number of updated asset objects reloaded before import = 0
Number of asset objects unloaded after import = 1
========================================================================
Received Prepare
Begin MonoManager ReloadAssembly
- Loaded All Assemblies, in  0.324 seconds
Refreshing native plugins compatible for Editor in 0.00 ms, found 0 plugins.
Native extension for WindowsStandalone target not found
Native extension for WebGL target not found
Mono: successfully reloaded assembly
- Finished resetting the current domain, in  0.490 seconds
Domain Reload Profiling: 810ms
	BeginReloadAssembly (202ms)
		ExecutionOrderSort (0ms)
		DisableScriptedObjects (7ms)
		BackupInstance (0ms)
		ReleaseScriptingObjects (0ms)
		CreateAndSetChildDomain (30ms)
	RebuildCommonClasses (52ms)
	RebuildNativeTypeToScriptingClass (15ms)
	initialDomainReloadingComplete (41ms)
	LoadAllAssembliesAndSetupDomain (10ms)
		LoadAssemblies (131ms)
		RebuildTransferFunctionScriptingTraits (0ms)
		AnalyzeDomain (5ms)
			TypeCache.Refresh (4ms)
				TypeCache.ScanAssembly (0ms)
			ScanForSourceGeneratedMonoScriptInfo (0ms)
			ResolveRequiredComponents (1ms)
	FinalizeReload (491ms)
		ReleaseScriptCaches (0ms)
		RebuildScriptCaches (0ms)
		SetupLoadedEditorAssemblies (320ms)
			LogAssemblyErrors (0ms)
			InitializePlatformSupportModulesInManaged (14ms)
			SetLoadedEditorAssemblies (7ms)
			RefreshPlugins (0ms)
			BeforeProcessingInitializeOnLoad (45ms)
			ProcessInitializeOnLoadAttributes (208ms)
			ProcessInitializeOnLoadMethodAttributes (27ms)
			AfterProcessingInitializeOnLoad (20ms)
			EditorAssembliesLoaded (0ms)
		ExecutionOrderSort2 (0ms)
		AwakeInstancesAfterBackupRestoration (11ms)
Refreshing native plugins compatible for Editor in 0.00 ms, found 0 plugins.
Preloading 0 native plugins for Editor in 0.00 ms.
Unloading 1 Unused Serialized files (Serialized files now loaded: 0)
Unloading 1 unused Assets / (3.1 KB). Loaded Objects now: 478.
Memory consumption went from 53.5 MB to 53.5 MB.
Total: 2.487000 ms (FindLiveObjects: 0.040900 ms CreateObjectMapping: 0.003500 ms MarkObjects: 2.425400 ms  DeleteObjects: 0.016200 ms)

Prepare: number of updated asset objects reloaded= 0
AssetImportParameters requested are different than current active one (requested -> active):
  custom:video-decoder-ogg-theora: a1e56fd34408186e4bbccfd4996cb3dc -> 
  custom:container-muxer-webm: aa71ff27fc2769a1b78a27578f13a17b -> 
  custom:container-demuxer-webm: 4f35f7cbe854078d1ac9338744f61a02 -> 
  custom:video-encoder-webm-vp8: eb34c28f22e8b96e1ab97ce403110664 -> 
  custom:CustomObjectIndexerAttribute: 9a22284fe3817be447336de3de66b15e -> 
  custom:audio-encoder-webm-vorbis: bf7c407c2cedff20999df2af8eb42d56 -> 
  custom:framework-win-MediaFoundation: 216162199b28c13a410421893ffa2e32 -> 
  custom:SearchIndexIgnoredProperties: e643bd26f0fe6173181afceb89e7c659 -> 
  custom:container-demuxer-ogg: 62fdf1f143b41e24485cea50d1cbac27 -> 
  custom:video-decoder-webm-vp8: 9c59270c3fd7afecdb556c50c9e8de78 -> 
  custom:audio-decoder-ogg-vorbis: bf7c407c2cedff20999df2af8eb42d56 -> 
  custom:AudioImporter_EditorPlatform: d09bf68614088b80899f8185d706f6e7 -> 
========================================================================
Received Prepare
Begin MonoManager ReloadAssembly
- Loaded All Assemblies, in  0.320 seconds
Refreshing native plugins compatible for Editor in 0.00 ms, found 0 plugins.
Native extension for WindowsStandalone target not found
Native extension for WebGL target not found
Mono: successfully reloaded assembly
- Finished resetting the current domain, in  0.504 seconds
Domain Reload Profiling: 821ms
	BeginReloadAssembly (195ms)
		ExecutionOrderSort (0ms)
		DisableScriptedObjects (8ms)
		BackupInstance (0ms)
		ReleaseScriptingObjects (0ms)
		CreateAndSetChildDomain (22ms)
	RebuildCommonClasses (54ms)
	RebuildNativeTypeToScriptingClass (16ms)
	initialDomainReloadingComplete (42ms)
	LoadAllAssembliesAndSetupDomain (8ms)
		LoadAssemblies (129ms)
		RebuildTransferFunctionScriptingTraits (0ms)
		AnalyzeDomain (4ms)
			TypeCache.Refresh (3ms)
				TypeCache.ScanAssembly (0ms)
			ScanForSourceGeneratedMonoScriptInfo (0ms)
			ResolveRequiredComponents (1ms)
	FinalizeReload (505ms)
		ReleaseScriptCaches (0ms)
		RebuildScriptCaches (0ms)
		SetupLoadedEditorAssemblies (331ms)
			LogAssemblyErrors (0ms)
			InitializePlatformSupportModulesInManaged (16ms)
			SetLoadedEditorAssemblies (9ms)
			RefreshPlugins (0ms)
			BeforeProcessingInitializeOnLoad (46ms)
			ProcessInitializeOnLoadAttributes (217ms)
			ProcessInitializeOnLoadMethodAttributes (24ms)
			AfterProcessingInitializeOnLoad (18ms)
			EditorAssembliesLoaded (0ms)
		ExecutionOrderSort2 (0ms)
		AwakeInstancesAfterBackupRestoration (11ms)
Refreshing native plugins compatible for Editor in 0.00 ms, found 0 plugins.
Preloading 0 native plugins for Editor in 0.00 ms.
Unloading 2 Unused Serialized files (Serialized files now loaded: 0)
Unloading 1 unused Assets / (5.3 KB). Loaded Objects now: 478.
Memory consumption went from 55.7 MB to 55.7 MB.
Total: 2.172200 ms (FindLiveObjects: 0.033300 ms CreateObjectMapping: 0.003000 ms MarkObjects: 2.121200 ms  DeleteObjects: 0.014200 ms)

Prepare: number of updated asset objects reloaded= 0
AssetImportParameters requested are different than current active one (requested -> active):
  custom:video-decoder-ogg-theora: a1e56fd34408186e4bbccfd4996cb3dc -> 
  custom:container-muxer-webm: aa71ff27fc2769a1b78a27578f13a17b -> 
  custom:container-demuxer-webm: 4f35f7cbe854078d1ac9338744f61a02 -> 
  custom:video-encoder-webm-vp8: eb34c28f22e8b96e1ab97ce403110664 -> 
  custom:CustomObjectIndexerAttribute: 9a22284fe3817be447336de3de66b15e -> 
  custom:audio-encoder-webm-vorbis: bf7c407c2cedff20999df2af8eb42d56 -> 
  custom:framework-win-MediaFoundation: 216162199b28c13a410421893ffa2e32 -> 
  custom:SearchIndexIgnoredProperties: e643bd26f0fe6173181afceb89e7c659 -> 
  custom:container-demuxer-ogg: 62fdf1f143b41e24485cea50d1cbac27 -> 
  custom:video-decoder-webm-vp8: 9c59270c3fd7afecdb556c50c9e8de78 -> 
  custom:audio-decoder-ogg-vorbis: bf7c407c2cedff20999df2af8eb42d56 -> 
  custom:AudioImporter_EditorPlatform: d09bf68614088b80899f8185d706f6e7 -> 
Editor requested this worker to shutdown with reason: Scaling down because of idle timeout
TcpMessagingSession - receive error: operation aborted. errorcode: 995, details: A operao de E/S foi anulada devido a uma sada de thread ou a uma requisio de aplicativo.
AssetImportWorker is now disconnected from the server
Process exiting
Exiting without the bug reporter. Application will terminate with return code 0